INFO - 2023-12-16 07:01:38 --> Session: Class initialized using 'CodeIgniter\Session\Handlers\FileHandler' driver.
WARNING - 2023-12-16 07:01:38 --> [DEPRECATED] Creation of dynamic property App\Controllers\Home::$appconfig is deprecated in APPPATH\Controllers\BaseController.php on line 67.
 1 APPPATH\Controllers\Home.php(8): App\Controllers\BaseController->__construct()
 2 SYSTEMPATH\CodeIgniter.php(914): App\Controllers\Home->__construct()
 3 SYSTEMPATH\CodeIgniter.php(493): CodeIgniter\CodeIgniter->createController()
 4 SYSTEMPATH\CodeIgniter.php(361): CodeIgniter\CodeIgniter->handleRequest(null, Object(Config\Cache), false)
 5 FCPATH\index.php(79): CodeIgniter\CodeIgniter->run()
INFO - 2023-12-16 07:01:49 --> Session: Class initialized using 'CodeIgniter\Session\Handlers\FileHandler' driver.
WARNING - 2023-12-16 07:01:49 --> [DEPRECATED] Creation of dynamic property App\Controllers\Home::$appconfig is deprecated in APPPATH\Controllers\BaseController.php on line 67.
 1 APPPATH\Controllers\Home.php(8): App\Controllers\BaseController->__construct()
 2 SYSTEMPATH\CodeIgniter.php(914): App\Controllers\Home->__construct()
 3 SYSTEMPATH\CodeIgniter.php(493): CodeIgniter\CodeIgniter->createController()
 4 SYSTEMPATH\CodeIgniter.php(361): CodeIgniter\CodeIgniter->handleRequest(null, Object(Config\Cache), false)
 5 FCPATH\index.php(79): CodeIgniter\CodeIgniter->run()
INFO - 2023-12-16 07:02:03 --> Session: Class initialized using 'CodeIgniter\Session\Handlers\FileHandler' driver.
WARNING - 2023-12-16 07:02:03 --> [DEPRECATED] Creation of dynamic property App\Controllers\Home::$appconfig is deprecated in APPPATH\Controllers\BaseController.php on line 67.
 1 APPPATH\Controllers\Home.php(8): App\Controllers\BaseController->__construct()
 2 SYSTEMPATH\CodeIgniter.php(914): App\Controllers\Home->__construct()
 3 SYSTEMPATH\CodeIgniter.php(493): CodeIgniter\CodeIgniter->createController()
 4 SYSTEMPATH\CodeIgniter.php(361): CodeIgniter\CodeIgniter->handleRequest(null, Object(Config\Cache), false)
 5 FCPATH\index.php(79): CodeIgniter\CodeIgniter->run()
INFO - 2023-12-16 07:05:05 --> Session: Class initialized using 'CodeIgniter\Session\Handlers\FileHandler' driver.
WARNING - 2023-12-16 07:05:05 --> [DEPRECATED] Creation of dynamic property App\Controllers\Home::$appconfig is deprecated in APPPATH\Controllers\BaseController.php on line 67.
 1 APPPATH\Controllers\Home.php(8): App\Controllers\BaseController->__construct()
 2 SYSTEMPATH\CodeIgniter.php(914): App\Controllers\Home->__construct()
 3 SYSTEMPATH\CodeIgniter.php(493): CodeIgniter\CodeIgniter->createController()
 4 SYSTEMPATH\CodeIgniter.php(361): CodeIgniter\CodeIgniter->handleRequest(null, Object(Config\Cache), false)
 5 FCPATH\index.php(79): CodeIgniter\CodeIgniter->run()
INFO - 2023-12-16 07:05:46 --> Session: Class initialized using 'CodeIgniter\Session\Handlers\FileHandler' driver.
WARNING - 2023-12-16 07:05:46 --> [DEPRECATED] Creation of dynamic property App\Controllers\Home::$appconfig is deprecated in APPPATH\Controllers\BaseController.php on line 67.
 1 APPPATH\Controllers\Home.php(8): App\Controllers\BaseController->__construct()
 2 SYSTEMPATH\CodeIgniter.php(914): App\Controllers\Home->__construct()
 3 SYSTEMPATH\CodeIgniter.php(493): CodeIgniter\CodeIgniter->createController()
 4 SYSTEMPATH\CodeIgniter.php(361): CodeIgniter\CodeIgniter->handleRequest(null, Object(Config\Cache), false)
 5 FCPATH\index.php(79): CodeIgniter\CodeIgniter->run()
INFO - 2023-12-16 07:05:54 --> Session: Class initialized using 'CodeIgniter\Session\Handlers\FileHandler' driver.
WARNING - 2023-12-16 07:05:54 --> [DEPRECATED] Creation of dynamic property App\Controllers\Master\Datamhs::$appconfig is deprecated in APPPATH\Controllers\BaseController.php on line 67.
 1 APPPATH\Controllers\Master\Datamhs.php(12): App\Controllers\BaseController->__construct()
 2 SYSTEMPATH\CodeIgniter.php(914): App\Controllers\Master\Datamhs->__construct()
 3 SYSTEMPATH\CodeIgniter.php(493): CodeIgniter\CodeIgniter->createController()
 4 SYSTEMPATH\CodeIgniter.php(361): CodeIgniter\CodeIgniter->handleRequest(null, Object(Config\Cache), false)
 5 FCPATH\index.php(79): CodeIgniter\CodeIgniter->run()
INFO - 2023-12-16 07:05:55 --> Session: Class initialized using 'CodeIgniter\Session\Handlers\FileHandler' driver.
WARNING - 2023-12-16 07:05:55 --> [DEPRECATED] Creation of dynamic property App\Controllers\Master\Datamhs::$appconfig is deprecated in APPPATH\Controllers\BaseController.php on line 67.
 1 APPPATH\Controllers\Master\Datamhs.php(12): App\Controllers\BaseController->__construct()
 2 SYSTEMPATH\CodeIgniter.php(914): App\Controllers\Master\Datamhs->__construct()
 3 SYSTEMPATH\CodeIgniter.php(493): CodeIgniter\CodeIgniter->createController()
 4 SYSTEMPATH\CodeIgniter.php(361): CodeIgniter\CodeIgniter->handleRequest(null, Object(Config\Cache), false)
 5 FCPATH\index.php(79): CodeIgniter\CodeIgniter->run()
INFO - 2023-12-16 07:05:55 --> Session: Class initialized using 'CodeIgniter\Session\Handlers\FileHandler' driver.
WARNING - 2023-12-16 07:05:55 --> [DEPRECATED] Creation of dynamic property App\Controllers\Master\Datamhs::$appconfig is deprecated in APPPATH\Controllers\BaseController.php on line 67.
 1 APPPATH\Controllers\Master\Datamhs.php(12): App\Controllers\BaseController->__construct()
 2 SYSTEMPATH\CodeIgniter.php(914): App\Controllers\Master\Datamhs->__construct()
 3 SYSTEMPATH\CodeIgniter.php(493): CodeIgniter\CodeIgniter->createController()
 4 SYSTEMPATH\CodeIgniter.php(361): CodeIgniter\CodeIgniter->handleRequest(null, Object(Config\Cache), false)
 5 FCPATH\index.php(79): CodeIgniter\CodeIgniter->run()
INFO - 2023-12-16 07:05:55 --> Session: Class initialized using 'CodeIgniter\Session\Handlers\FileHandler' driver.
WARNING - 2023-12-16 07:05:55 --> [DEPRECATED] Creation of dynamic property App\Controllers\Master\Datamhs::$appconfig is deprecated in APPPATH\Controllers\BaseController.php on line 67.
 1 APPPATH\Controllers\Master\Datamhs.php(12): App\Controllers\BaseController->__construct()
 2 SYSTEMPATH\CodeIgniter.php(914): App\Controllers\Master\Datamhs->__construct()
 3 SYSTEMPATH\CodeIgniter.php(493): CodeIgniter\CodeIgniter->createController()
 4 SYSTEMPATH\CodeIgniter.php(361): CodeIgniter\CodeIgniter->handleRequest(null, Object(Config\Cache), false)
 5 FCPATH\index.php(79): CodeIgniter\CodeIgniter->run()
INFO - 2023-12-16 07:38:06 --> Session: Class initialized using 'CodeIgniter\Session\Handlers\FileHandler' driver.
WARNING - 2023-12-16 07:38:06 --> [DEPRECATED] Creation of dynamic property App\Controllers\Master\Datamhs::$appconfig is deprecated in APPPATH\Controllers\BaseController.php on line 67.
 1 APPPATH\Controllers\Master\Datamhs.php(12): App\Controllers\BaseController->__construct()
 2 SYSTEMPATH\CodeIgniter.php(914): App\Controllers\Master\Datamhs->__construct()
 3 SYSTEMPATH\CodeIgniter.php(493): CodeIgniter\CodeIgniter->createController()
 4 SYSTEMPATH\CodeIgniter.php(361): CodeIgniter\CodeIgniter->handleRequest(null, Object(Config\Cache), false)
 5 FCPATH\index.php(79): CodeIgniter\CodeIgniter->run()
INFO - 2023-12-16 07:38:07 --> Session: Class initialized using 'CodeIgniter\Session\Handlers\FileHandler' driver.
WARNING - 2023-12-16 07:38:07 --> [DEPRECATED] Creation of dynamic property App\Controllers\Master\Datamhs::$appconfig is deprecated in APPPATH\Controllers\BaseController.php on line 67.
 1 APPPATH\Controllers\Master\Datamhs.php(12): App\Controllers\BaseController->__construct()
 2 SYSTEMPATH\CodeIgniter.php(914): App\Controllers\Master\Datamhs->__construct()
 3 SYSTEMPATH\CodeIgniter.php(493): CodeIgniter\CodeIgniter->createController()
 4 SYSTEMPATH\CodeIgniter.php(361): CodeIgniter\CodeIgniter->handleRequest(null, Object(Config\Cache), false)
 5 FCPATH\index.php(79): CodeIgniter\CodeIgniter->run()
INFO - 2023-12-16 07:39:46 --> Session: Class initialized using 'CodeIgniter\Session\Handlers\FileHandler' driver.
WARNING - 2023-12-16 07:39:46 --> [DEPRECATED] Creation of dynamic property App\Controllers\Master\Datadosen::$appconfig is deprecated in APPPATH\Controllers\BaseController.php on line 67.
 1 APPPATH\Controllers\Master\Datadosen.php(12): App\Controllers\BaseController->__construct()
 2 SYSTEMPATH\CodeIgniter.php(914): App\Controllers\Master\Datadosen->__construct()
 3 SYSTEMPATH\CodeIgniter.php(493): CodeIgniter\CodeIgniter->createController()
 4 SYSTEMPATH\CodeIgniter.php(361): CodeIgniter\CodeIgniter->handleRequest(null, Object(Config\Cache), false)
 5 FCPATH\index.php(79): CodeIgniter\CodeIgniter->run()
INFO - 2023-12-16 07:39:46 --> Session: Class initialized using 'CodeIgniter\Session\Handlers\FileHandler' driver.
WARNING - 2023-12-16 07:39:46 --> [DEPRECATED] Creation of dynamic property App\Controllers\Master\Datadosen::$appconfig is deprecated in APPPATH\Controllers\BaseController.php on line 67.
 1 APPPATH\Controllers\Master\Datadosen.php(12): App\Controllers\BaseController->__construct()
 2 SYSTEMPATH\CodeIgniter.php(914): App\Controllers\Master\Datadosen->__construct()
 3 SYSTEMPATH\CodeIgniter.php(493): CodeIgniter\CodeIgniter->createController()
 4 SYSTEMPATH\CodeIgniter.php(361): CodeIgniter\CodeIgniter->handleRequest(null, Object(Config\Cache), false)
 5 FCPATH\index.php(79): CodeIgniter\CodeIgniter->run()
INFO - 2023-12-16 07:39:46 --> Session: Class initialized using 'CodeIgniter\Session\Handlers\FileHandler' driver.
WARNING - 2023-12-16 07:39:46 --> [DEPRECATED] Creation of dynamic property App\Controllers\Master\Datadosen::$appconfig is deprecated in APPPATH\Controllers\BaseController.php on line 67.
 1 APPPATH\Controllers\Master\Datadosen.php(12): App\Controllers\BaseController->__construct()
 2 SYSTEMPATH\CodeIgniter.php(914): App\Controllers\Master\Datadosen->__construct()
 3 SYSTEMPATH\CodeIgniter.php(493): CodeIgniter\CodeIgniter->createController()
 4 SYSTEMPATH\CodeIgniter.php(361): CodeIgniter\CodeIgniter->handleRequest(null, Object(Config\Cache), false)
 5 FCPATH\index.php(79): CodeIgniter\CodeIgniter->run()
INFO - 2023-12-16 07:39:46 --> Session: Class initialized using 'CodeIgniter\Session\Handlers\FileHandler' driver.
WARNING - 2023-12-16 07:39:46 --> [DEPRECATED] Creation of dynamic property App\Controllers\Master\Datadosen::$appconfig is deprecated in APPPATH\Controllers\BaseController.php on line 67.
 1 APPPATH\Controllers\Master\Datadosen.php(12): App\Controllers\BaseController->__construct()
 2 SYSTEMPATH\CodeIgniter.php(914): App\Controllers\Master\Datadosen->__construct()
 3 SYSTEMPATH\CodeIgniter.php(493): CodeIgniter\CodeIgniter->createController()
 4 SYSTEMPATH\CodeIgniter.php(361): CodeIgniter\CodeIgniter->handleRequest(null, Object(Config\Cache), false)
 5 FCPATH\index.php(79): CodeIgniter\CodeIgniter->run()
INFO - 2023-12-16 07:39:50 --> Session: Class initialized using 'CodeIgniter\Session\Handlers\FileHandler' driver.
WARNING - 2023-12-16 07:39:50 --> [DEPRECATED] Creation of dynamic property App\Controllers\Master\Infoakademik::$appconfig is deprecated in APPPATH\Controllers\BaseController.php on line 67.
 1 APPPATH\Controllers\Master\Infoakademik.php(12): App\Controllers\BaseController->__construct()
 2 SYSTEMPATH\CodeIgniter.php(914): App\Controllers\Master\Infoakademik->__construct()
 3 SYSTEMPATH\CodeIgniter.php(493): CodeIgniter\CodeIgniter->createController()
 4 SYSTEMPATH\CodeIgniter.php(361): CodeIgniter\CodeIgniter->handleRequest(null, Object(Config\Cache), false)
 5 FCPATH\index.php(79): CodeIgniter\CodeIgniter->run()
INFO - 2023-12-16 07:39:50 --> Session: Class initialized using 'CodeIgniter\Session\Handlers\FileHandler' driver.
WARNING - 2023-12-16 07:39:50 --> [DEPRECATED] Creation of dynamic property App\Controllers\Master\Infoakademik::$appconfig is deprecated in APPPATH\Controllers\BaseController.php on line 67.
 1 APPPATH\Controllers\Master\Infoakademik.php(12): App\Controllers\BaseController->__construct()
 2 SYSTEMPATH\CodeIgniter.php(914): App\Controllers\Master\Infoakademik->__construct()
 3 SYSTEMPATH\CodeIgniter.php(493): CodeIgniter\CodeIgniter->createController()
 4 SYSTEMPATH\CodeIgniter.php(361): CodeIgniter\CodeIgniter->handleRequest(null, Object(Config\Cache), false)
 5 FCPATH\index.php(79): CodeIgniter\CodeIgniter->run()
INFO - 2023-12-16 07:39:58 --> Session: Class initialized using 'CodeIgniter\Session\Handlers\FileHandler' driver.
WARNING - 2023-12-16 07:39:58 --> [DEPRECATED] Creation of dynamic property App\Controllers\Master\Manajemensurat::$appconfig is deprecated in APPPATH\Controllers\BaseController.php on line 67.
 1 APPPATH\Controllers\Master\Manajemensurat.php(12): App\Controllers\BaseController->__construct()
 2 SYSTEMPATH\CodeIgniter.php(914): App\Controllers\Master\Manajemensurat->__construct()
 3 SYSTEMPATH\CodeIgniter.php(493): CodeIgniter\CodeIgniter->createController()
 4 SYSTEMPATH\CodeIgniter.php(361): CodeIgniter\CodeIgniter->handleRequest(null, Object(Config\Cache), false)
 5 FCPATH\index.php(79): CodeIgniter\CodeIgniter->run()
INFO - 2023-12-16 07:39:58 --> Session: Class initialized using 'CodeIgniter\Session\Handlers\FileHandler' driver.
WARNING - 2023-12-16 07:39:58 --> [DEPRECATED] Creation of dynamic property App\Controllers\Master\Manajemensurat::$appconfig is deprecated in APPPATH\Controllers\BaseController.php on line 67.
 1 APPPATH\Controllers\Master\Manajemensurat.php(12): App\Controllers\BaseController->__construct()
 2 SYSTEMPATH\CodeIgniter.php(914): App\Controllers\Master\Manajemensurat->__construct()
 3 SYSTEMPATH\CodeIgniter.php(493): CodeIgniter\CodeIgniter->createController()
 4 SYSTEMPATH\CodeIgniter.php(361): CodeIgniter\CodeIgniter->handleRequest(null, Object(Config\Cache), false)
 5 FCPATH\index.php(79): CodeIgniter\CodeIgniter->run()
INFO - 2023-12-16 07:39:58 --> Session: Class initialized using 'CodeIgniter\Session\Handlers\FileHandler' driver.
WARNING - 2023-12-16 07:39:58 --> [DEPRECATED] Creation of dynamic property App\Controllers\Master\Manajemensurat::$appconfig is deprecated in APPPATH\Controllers\BaseController.php on line 67.
 1 APPPATH\Controllers\Master\Manajemensurat.php(12): App\Controllers\BaseController->__construct()
 2 SYSTEMPATH\CodeIgniter.php(914): App\Controllers\Master\Manajemensurat->__construct()
 3 SYSTEMPATH\CodeIgniter.php(493): CodeIgniter\CodeIgniter->createController()
 4 SYSTEMPATH\CodeIgniter.php(361): CodeIgniter\CodeIgniter->handleRequest(null, Object(Config\Cache), false)
 5 FCPATH\index.php(79): CodeIgniter\CodeIgniter->run()
INFO - 2023-12-16 07:40:09 --> Session: Class initialized using 'CodeIgniter\Session\Handlers\FileHandler' driver.
WARNING - 2023-12-16 07:40:09 --> [DEPRECATED] Creation of dynamic property App\Controllers\Master\Manajemensurat::$appconfig is deprecated in APPPATH\Controllers\BaseController.php on line 67.
 1 APPPATH\Controllers\Master\Manajemensurat.php(12): App\Controllers\BaseController->__construct()
 2 SYSTEMPATH\CodeIgniter.php(914): App\Controllers\Master\Manajemensurat->__construct()
 3 SYSTEMPATH\CodeIgniter.php(493): CodeIgniter\CodeIgniter->createController()
 4 SYSTEMPATH\CodeIgniter.php(361): CodeIgniter\CodeIgniter->handleRequest(null, Object(Config\Cache), false)
 5 FCPATH\index.php(79): CodeIgniter\CodeIgniter->run()
INFO - 2023-12-16 07:40:10 --> Session: Class initialized using 'CodeIgniter\Session\Handlers\FileHandler' driver.
WARNING - 2023-12-16 07:40:10 --> [DEPRECATED] Creation of dynamic property App\Controllers\Master\Manajemensurat::$appconfig is deprecated in APPPATH\Controllers\BaseController.php on line 67.
 1 APPPATH\Controllers\Master\Manajemensurat.php(12): App\Controllers\BaseController->__construct()
 2 SYSTEMPATH\CodeIgniter.php(914): App\Controllers\Master\Manajemensurat->__construct()
 3 SYSTEMPATH\CodeIgniter.php(493): CodeIgniter\CodeIgniter->createController()
 4 SYSTEMPATH\CodeIgniter.php(361): CodeIgniter\CodeIgniter->handleRequest(null, Object(Config\Cache), false)
 5 FCPATH\index.php(79): CodeIgniter\CodeIgniter->run()
INFO - 2023-12-16 07:42:05 --> Session: Class initialized using 'CodeIgniter\Session\Handlers\FileHandler' driver.
WARNING - 2023-12-16 07:42:05 --> [DEPRECATED] Creation of dynamic property App\Controllers\Master\Prosedur::$appconfig is deprecated in APPPATH\Controllers\BaseController.php on line 67.
 1 APPPATH\Controllers\Master\Prosedur.php(12): App\Controllers\BaseController->__construct()
 2 SYSTEMPATH\CodeIgniter.php(914): App\Controllers\Master\Prosedur->__construct()
 3 SYSTEMPATH\CodeIgniter.php(493): CodeIgniter\CodeIgniter->createController()
 4 SYSTEMPATH\CodeIgniter.php(361): CodeIgniter\CodeIgniter->handleRequest(null, Object(Config\Cache), false)
 5 FCPATH\index.php(79): CodeIgniter\CodeIgniter->run()
INFO - 2023-12-16 07:42:05 --> Session: Class initialized using 'CodeIgniter\Session\Handlers\FileHandler' driver.
WARNING - 2023-12-16 07:42:05 --> [DEPRECATED] Creation of dynamic property App\Controllers\Master\Prosedur::$appconfig is deprecated in APPPATH\Controllers\BaseController.php on line 67.
 1 APPPATH\Controllers\Master\Prosedur.php(12): App\Controllers\BaseController->__construct()
 2 SYSTEMPATH\CodeIgniter.php(914): App\Controllers\Master\Prosedur->__construct()
 3 SYSTEMPATH\CodeIgniter.php(493): CodeIgniter\CodeIgniter->createController()
 4 SYSTEMPATH\CodeIgniter.php(361): CodeIgniter\CodeIgniter->handleRequest(null, Object(Config\Cache), false)
 5 FCPATH\index.php(79): CodeIgniter\CodeIgniter->run()
INFO - 2023-12-16 07:44:00 --> Session: Class initialized using 'CodeIgniter\Session\Handlers\FileHandler' driver.
WARNING - 2023-12-16 07:44:00 --> [DEPRECATED] Creation of dynamic property App\Controllers\Master\Datamhs::$appconfig is deprecated in APPPATH\Controllers\BaseController.php on line 67.
 1 APPPATH\Controllers\Master\Datamhs.php(12): App\Controllers\BaseController->__construct()
 2 SYSTEMPATH\CodeIgniter.php(914): App\Controllers\Master\Datamhs->__construct()
 3 SYSTEMPATH\CodeIgniter.php(493): CodeIgniter\CodeIgniter->createController()
 4 SYSTEMPATH\CodeIgniter.php(361): CodeIgniter\CodeIgniter->handleRequest(null, Object(Config\Cache), false)
 5 FCPATH\index.php(79): CodeIgniter\CodeIgniter->run()
INFO - 2023-12-16 07:44:01 --> Session: Class initialized using 'CodeIgniter\Session\Handlers\FileHandler' driver.
WARNING - 2023-12-16 07:44:01 --> [DEPRECATED] Creation of dynamic property App\Controllers\Master\Datamhs::$appconfig is deprecated in APPPATH\Controllers\BaseController.php on line 67.
 1 APPPATH\Controllers\Master\Datamhs.php(12): App\Controllers\BaseController->__construct()
 2 SYSTEMPATH\CodeIgniter.php(914): App\Controllers\Master\Datamhs->__construct()
 3 SYSTEMPATH\CodeIgniter.php(493): CodeIgniter\CodeIgniter->createController()
 4 SYSTEMPATH\CodeIgniter.php(361): CodeIgniter\CodeIgniter->handleRequest(null, Object(Config\Cache), false)
 5 FCPATH\index.php(79): CodeIgniter\CodeIgniter->run()
INFO - 2023-12-16 07:44:01 --> Session: Class initialized using 'CodeIgniter\Session\Handlers\FileHandler' driver.
WARNING - 2023-12-16 07:44:01 --> [DEPRECATED] Creation of dynamic property App\Controllers\Master\Datamhs::$appconfig is deprecated in APPPATH\Controllers\BaseController.php on line 67.
 1 APPPATH\Controllers\Master\Datamhs.php(12): App\Controllers\BaseController->__construct()
 2 SYSTEMPATH\CodeIgniter.php(914): App\Controllers\Master\Datamhs->__construct()
 3 SYSTEMPATH\CodeIgniter.php(493): CodeIgniter\CodeIgniter->createController()
 4 SYSTEMPATH\CodeIgniter.php(361): CodeIgniter\CodeIgniter->handleRequest(null, Object(Config\Cache), false)
 5 FCPATH\index.php(79): CodeIgniter\CodeIgniter->run()
INFO - 2023-12-16 07:44:01 --> Session: Class initialized using 'CodeIgniter\Session\Handlers\FileHandler' driver.
WARNING - 2023-12-16 07:44:01 --> [DEPRECATED] Creation of dynamic property App\Controllers\Master\Datamhs::$appconfig is deprecated in APPPATH\Controllers\BaseController.php on line 67.
 1 APPPATH\Controllers\Master\Datamhs.php(12): App\Controllers\BaseController->__construct()
 2 SYSTEMPATH\CodeIgniter.php(914): App\Controllers\Master\Datamhs->__construct()
 3 SYSTEMPATH\CodeIgniter.php(493): CodeIgniter\CodeIgniter->createController()
 4 SYSTEMPATH\CodeIgniter.php(361): CodeIgniter\CodeIgniter->handleRequest(null, Object(Config\Cache), false)
 5 FCPATH\index.php(79): CodeIgniter\CodeIgniter->run()
INFO - 2023-12-16 07:44:08 --> Session: Class initialized using 'CodeIgniter\Session\Handlers\FileHandler' driver.
WARNING - 2023-12-16 07:44:08 --> [DEPRECATED] Creation of dynamic property App\Controllers\Master\Datadosen::$appconfig is deprecated in APPPATH\Controllers\BaseController.php on line 67.
 1 APPPATH\Controllers\Master\Datadosen.php(12): App\Controllers\BaseController->__construct()
 2 SYSTEMPATH\CodeIgniter.php(914): App\Controllers\Master\Datadosen->__construct()
 3 SYSTEMPATH\CodeIgniter.php(493): CodeIgniter\CodeIgniter->createController()
 4 SYSTEMPATH\CodeIgniter.php(361): CodeIgniter\CodeIgniter->handleRequest(null, Object(Config\Cache), false)
 5 FCPATH\index.php(79): CodeIgniter\CodeIgniter->run()
INFO - 2023-12-16 07:44:09 --> Session: Class initialized using 'CodeIgniter\Session\Handlers\FileHandler' driver.
WARNING - 2023-12-16 07:44:09 --> [DEPRECATED] Creation of dynamic property App\Controllers\Master\Datadosen::$appconfig is deprecated in APPPATH\Controllers\BaseController.php on line 67.
 1 APPPATH\Controllers\Master\Datadosen.php(12): App\Controllers\BaseController->__construct()
 2 SYSTEMPATH\CodeIgniter.php(914): App\Controllers\Master\Datadosen->__construct()
 3 SYSTEMPATH\CodeIgniter.php(493): CodeIgniter\CodeIgniter->createController()
 4 SYSTEMPATH\CodeIgniter.php(361): CodeIgniter\CodeIgniter->handleRequest(null, Object(Config\Cache), false)
 5 FCPATH\index.php(79): CodeIgniter\CodeIgniter->run()
INFO - 2023-12-16 07:44:09 --> Session: Class initialized using 'CodeIgniter\Session\Handlers\FileHandler' driver.
WARNING - 2023-12-16 07:44:09 --> [DEPRECATED] Creation of dynamic property App\Controllers\Master\Datadosen::$appconfig is deprecated in APPPATH\Controllers\BaseController.php on line 67.
 1 APPPATH\Controllers\Master\Datadosen.php(12): App\Controllers\BaseController->__construct()
 2 SYSTEMPATH\CodeIgniter.php(914): App\Controllers\Master\Datadosen->__construct()
 3 SYSTEMPATH\CodeIgniter.php(493): CodeIgniter\CodeIgniter->createController()
 4 SYSTEMPATH\CodeIgniter.php(361): CodeIgniter\CodeIgniter->handleRequest(null, Object(Config\Cache), false)
 5 FCPATH\index.php(79): CodeIgniter\CodeIgniter->run()
INFO - 2023-12-16 07:44:09 --> Session: Class initialized using 'CodeIgniter\Session\Handlers\FileHandler' driver.
WARNING - 2023-12-16 07:44:09 --> [DEPRECATED] Creation of dynamic property App\Controllers\Master\Datadosen::$appconfig is deprecated in APPPATH\Controllers\BaseController.php on line 67.
 1 APPPATH\Controllers\Master\Datadosen.php(12): App\Controllers\BaseController->__construct()
 2 SYSTEMPATH\CodeIgniter.php(914): App\Controllers\Master\Datadosen->__construct()
 3 SYSTEMPATH\CodeIgniter.php(493): CodeIgniter\CodeIgniter->createController()
 4 SYSTEMPATH\CodeIgniter.php(361): CodeIgniter\CodeIgniter->handleRequest(null, Object(Config\Cache), false)
 5 FCPATH\index.php(79): CodeIgniter\CodeIgniter->run()
INFO - 2023-12-16 07:50:23 --> Session: Class initialized using 'CodeIgniter\Session\Handlers\FileHandler' driver.
WARNING - 2023-12-16 07:50:23 --> [DEPRECATED] Creation of dynamic property App\Controllers\Master\Infoakademik::$appconfig is deprecated in APPPATH\Controllers\BaseController.php on line 67.
 1 APPPATH\Controllers\Master\Infoakademik.php(12): App\Controllers\BaseController->__construct()
 2 SYSTEMPATH\CodeIgniter.php(914): App\Controllers\Master\Infoakademik->__construct()
 3 SYSTEMPATH\CodeIgniter.php(493): CodeIgniter\CodeIgniter->createController()
 4 SYSTEMPATH\CodeIgniter.php(361): CodeIgniter\CodeIgniter->handleRequest(null, Object(Config\Cache), false)
 5 FCPATH\index.php(79): CodeIgniter\CodeIgniter->run()
INFO - 2023-12-16 07:50:24 --> Session: Class initialized using 'CodeIgniter\Session\Handlers\FileHandler' driver.
WARNING - 2023-12-16 07:50:24 --> [DEPRECATED] Creation of dynamic property App\Controllers\Master\Infoakademik::$appconfig is deprecated in APPPATH\Controllers\BaseController.php on line 67.
 1 APPPATH\Controllers\Master\Infoakademik.php(12): App\Controllers\BaseController->__construct()
 2 SYSTEMPATH\CodeIgniter.php(914): App\Controllers\Master\Infoakademik->__construct()
 3 SYSTEMPATH\CodeIgniter.php(493): CodeIgniter\CodeIgniter->createController()
 4 SYSTEMPATH\CodeIgniter.php(361): CodeIgniter\CodeIgniter->handleRequest(null, Object(Config\Cache), false)
 5 FCPATH\index.php(79): CodeIgniter\CodeIgniter->run()
INFO - 2023-12-16 07:50:27 --> Session: Class initialized using 'CodeIgniter\Session\Handlers\FileHandler' driver.
WARNING - 2023-12-16 07:50:27 --> [DEPRECATED] Creation of dynamic property App\Controllers\Master\Manajemensurat::$appconfig is deprecated in APPPATH\Controllers\BaseController.php on line 67.
 1 APPPATH\Controllers\Master\Manajemensurat.php(12): App\Controllers\BaseController->__construct()
 2 SYSTEMPATH\CodeIgniter.php(914): App\Controllers\Master\Manajemensurat->__construct()
 3 SYSTEMPATH\CodeIgniter.php(493): CodeIgniter\CodeIgniter->createController()
 4 SYSTEMPATH\CodeIgniter.php(361): CodeIgniter\CodeIgniter->handleRequest(null, Object(Config\Cache), false)
 5 FCPATH\index.php(79): CodeIgniter\CodeIgniter->run()
INFO - 2023-12-16 07:50:28 --> Session: Class initialized using 'CodeIgniter\Session\Handlers\FileHandler' driver.
WARNING - 2023-12-16 07:50:28 --> [DEPRECATED] Creation of dynamic property App\Controllers\Master\Manajemensurat::$appconfig is deprecated in APPPATH\Controllers\BaseController.php on line 67.
 1 APPPATH\Controllers\Master\Manajemensurat.php(12): App\Controllers\BaseController->__construct()
 2 SYSTEMPATH\CodeIgniter.php(914): App\Controllers\Master\Manajemensurat->__construct()
 3 SYSTEMPATH\CodeIgniter.php(493): CodeIgniter\CodeIgniter->createController()
 4 SYSTEMPATH\CodeIgniter.php(361): CodeIgniter\CodeIgniter->handleRequest(null, Object(Config\Cache), false)
 5 FCPATH\index.php(79): CodeIgniter\CodeIgniter->run()
INFO - 2023-12-16 07:50:28 --> Session: Class initialized using 'CodeIgniter\Session\Handlers\FileHandler' driver.
WARNING - 2023-12-16 07:50:28 --> [DEPRECATED] Creation of dynamic property App\Controllers\Master\Manajemensurat::$appconfig is deprecated in APPPATH\Controllers\BaseController.php on line 67.
 1 APPPATH\Controllers\Master\Manajemensurat.php(12): App\Controllers\BaseController->__construct()
 2 SYSTEMPATH\CodeIgniter.php(914): App\Controllers\Master\Manajemensurat->__construct()
 3 SYSTEMPATH\CodeIgniter.php(493): CodeIgniter\CodeIgniter->createController()
 4 SYSTEMPATH\CodeIgniter.php(361): CodeIgniter\CodeIgniter->handleRequest(null, Object(Config\Cache), false)
 5 FCPATH\index.php(79): CodeIgniter\CodeIgniter->run()
INFO - 2023-12-16 07:50:30 --> Session: Class initialized using 'CodeIgniter\Session\Handlers\FileHandler' driver.
WARNING - 2023-12-16 07:50:30 --> [DEPRECATED] Creation of dynamic property App\Controllers\Master\Prosedur::$appconfig is deprecated in APPPATH\Controllers\BaseController.php on line 67.
 1 APPPATH\Controllers\Master\Prosedur.php(12): App\Controllers\BaseController->__construct()
 2 SYSTEMPATH\CodeIgniter.php(914): App\Controllers\Master\Prosedur->__construct()
 3 SYSTEMPATH\CodeIgniter.php(493): CodeIgniter\CodeIgniter->createController()
 4 SYSTEMPATH\CodeIgniter.php(361): CodeIgniter\CodeIgniter->handleRequest(null, Object(Config\Cache), false)
 5 FCPATH\index.php(79): CodeIgniter\CodeIgniter->run()
INFO - 2023-12-16 07:50:31 --> Session: Class initialized using 'CodeIgniter\Session\Handlers\FileHandler' driver.
WARNING - 2023-12-16 07:50:31 --> [DEPRECATED] Creation of dynamic property App\Controllers\Master\Prosedur::$appconfig is deprecated in APPPATH\Controllers\BaseController.php on line 67.
 1 APPPATH\Controllers\Master\Prosedur.php(12): App\Controllers\BaseController->__construct()
 2 SYSTEMPATH\CodeIgniter.php(914): App\Controllers\Master\Prosedur->__construct()
 3 SYSTEMPATH\CodeIgniter.php(493): CodeIgniter\CodeIgniter->createController()
 4 SYSTEMPATH\CodeIgniter.php(361): CodeIgniter\CodeIgniter->handleRequest(null, Object(Config\Cache), false)
 5 FCPATH\index.php(79): CodeIgniter\CodeIgniter->run()
INFO - 2023-12-16 07:58:08 --> Session: Class initialized using 'CodeIgniter\Session\Handlers\FileHandler' driver.
WARNING - 2023-12-16 07:58:08 --> [DEPRECATED] Creation of dynamic property App\Controllers\Master\Prosedur::$appconfig is deprecated in APPPATH\Controllers\BaseController.php on line 67.
 1 APPPATH\Controllers\Master\Prosedur.php(12): App\Controllers\BaseController->__construct()
 2 SYSTEMPATH\CodeIgniter.php(914): App\Controllers\Master\Prosedur->__construct()
 3 SYSTEMPATH\CodeIgniter.php(493): CodeIgniter\CodeIgniter->createController()
 4 SYSTEMPATH\CodeIgniter.php(361): CodeIgniter\CodeIgniter->handleRequest(null, Object(Config\Cache), false)
 5 FCPATH\index.php(79): CodeIgniter\CodeIgniter->run()
INFO - 2023-12-16 07:58:09 --> Session: Class initialized using 'CodeIgniter\Session\Handlers\FileHandler' driver.
WARNING - 2023-12-16 07:58:09 --> [DEPRECATED] Creation of dynamic property App\Controllers\Master\Prosedur::$appconfig is deprecated in APPPATH\Controllers\BaseController.php on line 67.
 1 APPPATH\Controllers\Master\Prosedur.php(12): App\Controllers\BaseController->__construct()
 2 SYSTEMPATH\CodeIgniter.php(914): App\Controllers\Master\Prosedur->__construct()
 3 SYSTEMPATH\CodeIgniter.php(493): CodeIgniter\CodeIgniter->createController()
 4 SYSTEMPATH\CodeIgniter.php(361): CodeIgniter\CodeIgniter->handleRequest(null, Object(Config\Cache), false)
 5 FCPATH\index.php(79): CodeIgniter\CodeIgniter->run()
INFO - 2023-12-16 07:58:12 --> Session: Class initialized using 'CodeIgniter\Session\Handlers\FileHandler' driver.
WARNING - 2023-12-16 07:58:12 --> [DEPRECATED] Creation of dynamic property App\Controllers\Master\Prosedur::$appconfig is deprecated in APPPATH\Controllers\BaseController.php on line 67.
 1 APPPATH\Controllers\Master\Prosedur.php(12): App\Controllers\BaseController->__construct()
 2 SYSTEMPATH\CodeIgniter.php(914): App\Controllers\Master\Prosedur->__construct()
 3 SYSTEMPATH\CodeIgniter.php(493): CodeIgniter\CodeIgniter->createController()
 4 SYSTEMPATH\CodeIgniter.php(361): CodeIgniter\CodeIgniter->handleRequest(null, Object(Config\Cache), false)
 5 FCPATH\index.php(79): CodeIgniter\CodeIgniter->run()
INFO - 2023-12-16 07:58:13 --> Session: Class initialized using 'CodeIgniter\Session\Handlers\FileHandler' driver.
WARNING - 2023-12-16 07:58:13 --> [DEPRECATED] Creation of dynamic property App\Controllers\Master\Prosedur::$appconfig is deprecated in APPPATH\Controllers\BaseController.php on line 67.
 1 APPPATH\Controllers\Master\Prosedur.php(12): App\Controllers\BaseController->__construct()
 2 SYSTEMPATH\CodeIgniter.php(914): App\Controllers\Master\Prosedur->__construct()
 3 SYSTEMPATH\CodeIgniter.php(493): CodeIgniter\CodeIgniter->createController()
 4 SYSTEMPATH\CodeIgniter.php(361): CodeIgniter\CodeIgniter->handleRequest(null, Object(Config\Cache), false)
 5 FCPATH\index.php(79): CodeIgniter\CodeIgniter->run()
INFO - 2023-12-16 08:00:46 --> Session: Class initialized using 'CodeIgniter\Session\Handlers\FileHandler' driver.
WARNING - 2023-12-16 08:00:46 --> [DEPRECATED] Creation of dynamic property App\Controllers\Skripsi\Persyaratan::$appconfig is deprecated in APPPATH\Controllers\BaseController.php on line 67.
 1 APPPATH\Controllers\Skripsi\Persyaratan.php(12): App\Controllers\BaseController->__construct()
 2 SYSTEMPATH\CodeIgniter.php(914): App\Controllers\Skripsi\Persyaratan->__construct()
 3 SYSTEMPATH\CodeIgniter.php(493): CodeIgniter\CodeIgniter->createController()
 4 SYSTEMPATH\CodeIgniter.php(361): CodeIgniter\CodeIgniter->handleRequest(null, Object(Config\Cache), false)
 5 FCPATH\index.php(79): CodeIgniter\CodeIgniter->run()
INFO - 2023-12-16 08:00:59 --> Session: Class initialized using 'CodeIgniter\Session\Handlers\FileHandler' driver.
WARNING - 2023-12-16 08:00:59 --> [DEPRECATED] Creation of dynamic property App\Controllers\Mbkm\Persyaratan::$appconfig is deprecated in APPPATH\Controllers\BaseController.php on line 67.
 1 APPPATH\Controllers\Mbkm\Persyaratan.php(12): App\Controllers\BaseController->__construct()
 2 SYSTEMPATH\CodeIgniter.php(914): App\Controllers\Mbkm\Persyaratan->__construct()
 3 SYSTEMPATH\CodeIgniter.php(493): CodeIgniter\CodeIgniter->createController()
 4 SYSTEMPATH\CodeIgniter.php(361): CodeIgniter\CodeIgniter->handleRequest(null, Object(Config\Cache), false)
 5 FCPATH\index.php(79): CodeIgniter\CodeIgniter->run()
INFO - 2023-12-16 08:01:16 --> Session: Class initialized using 'CodeIgniter\Session\Handlers\FileHandler' driver.
WARNING - 2023-12-16 08:01:16 --> [DEPRECATED] Creation of dynamic property App\Controllers\Mbkm\Tahapan::$appconfig is deprecated in APPPATH\Controllers\BaseController.php on line 67.
 1 APPPATH\Controllers\Mbkm\Tahapan.php(12): App\Controllers\BaseController->__construct()
 2 SYSTEMPATH\CodeIgniter.php(914): App\Controllers\Mbkm\Tahapan->__construct()
 3 SYSTEMPATH\CodeIgniter.php(493): CodeIgniter\CodeIgniter->createController()
 4 SYSTEMPATH\CodeIgniter.php(361): CodeIgniter\CodeIgniter->handleRequest(null, Object(Config\Cache), false)
 5 FCPATH\index.php(79): CodeIgniter\CodeIgniter->run()
INFO - 2023-12-16 08:01:22 --> Session: Class initialized using 'CodeIgniter\Session\Handlers\FileHandler' driver.
WARNING - 2023-12-16 08:01:22 --> [DEPRECATED] Creation of dynamic property App\Controllers\Mbkm\Tahapan::$appconfig is deprecated in APPPATH\Controllers\BaseController.php on line 67.
 1 APPPATH\Controllers\Mbkm\Tahapan.php(12): App\Controllers\BaseController->__construct()
 2 SYSTEMPATH\CodeIgniter.php(914): App\Controllers\Mbkm\Tahapan->__construct()
 3 SYSTEMPATH\CodeIgniter.php(493): CodeIgniter\CodeIgniter->createController()
 4 SYSTEMPATH\CodeIgniter.php(361): CodeIgniter\CodeIgniter->handleRequest(null, Object(Config\Cache), false)
 5 FCPATH\index.php(79): CodeIgniter\CodeIgniter->run()
INFO - 2023-12-16 08:01:27 --> Session: Class initialized using 'CodeIgniter\Session\Handlers\FileHandler' driver.
WARNING - 2023-12-16 08:01:27 --> [DEPRECATED] Creation of dynamic property App\Controllers\Mbkm\Persyaratan::$appconfig is deprecated in APPPATH\Controllers\BaseController.php on line 67.
 1 APPPATH\Controllers\Mbkm\Persyaratan.php(12): App\Controllers\BaseController->__construct()
 2 SYSTEMPATH\CodeIgniter.php(914): App\Controllers\Mbkm\Persyaratan->__construct()
 3 SYSTEMPATH\CodeIgniter.php(493): CodeIgniter\CodeIgniter->createController()
 4 SYSTEMPATH\CodeIgniter.php(361): CodeIgniter\CodeIgniter->handleRequest(null, Object(Config\Cache), false)
 5 FCPATH\index.php(79): CodeIgniter\CodeIgniter->run()
INFO - 2023-12-16 08:01:49 --> Session: Class initialized using 'CodeIgniter\Session\Handlers\FileHandler' driver.
WARNING - 2023-12-16 08:01:49 --> [DEPRECATED] Creation of dynamic property App\Controllers\Master\Infoakademik::$appconfig is deprecated in APPPATH\Controllers\BaseController.php on line 67.
 1 APPPATH\Controllers\Master\Infoakademik.php(12): App\Controllers\BaseController->__construct()
 2 SYSTEMPATH\CodeIgniter.php(914): App\Controllers\Master\Infoakademik->__construct()
 3 SYSTEMPATH\CodeIgniter.php(493): CodeIgniter\CodeIgniter->createController()
 4 SYSTEMPATH\CodeIgniter.php(361): CodeIgniter\CodeIgniter->handleRequest(null, Object(Config\Cache), false)
 5 FCPATH\index.php(79): CodeIgniter\CodeIgniter->run()
INFO - 2023-12-16 08:01:50 --> Session: Class initialized using 'CodeIgniter\Session\Handlers\FileHandler' driver.
WARNING - 2023-12-16 08:01:50 --> [DEPRECATED] Creation of dynamic property App\Controllers\Master\Infoakademik::$appconfig is deprecated in APPPATH\Controllers\BaseController.php on line 67.
 1 APPPATH\Controllers\Master\Infoakademik.php(12): App\Controllers\BaseController->__construct()
 2 SYSTEMPATH\CodeIgniter.php(914): App\Controllers\Master\Infoakademik->__construct()
 3 SYSTEMPATH\CodeIgniter.php(493): CodeIgniter\CodeIgniter->createController()
 4 SYSTEMPATH\CodeIgniter.php(361): CodeIgniter\CodeIgniter->handleRequest(null, Object(Config\Cache), false)
 5 FCPATH\index.php(79): CodeIgniter\CodeIgniter->run()
INFO - 2023-12-16 08:01:54 --> Session: Class initialized using 'CodeIgniter\Session\Handlers\FileHandler' driver.
WARNING - 2023-12-16 08:01:54 --> [DEPRECATED] Creation of dynamic property App\Controllers\Master\Manajemensurat::$appconfig is deprecated in APPPATH\Controllers\BaseController.php on line 67.
 1 APPPATH\Controllers\Master\Manajemensurat.php(12): App\Controllers\BaseController->__construct()
 2 SYSTEMPATH\CodeIgniter.php(914): App\Controllers\Master\Manajemensurat->__construct()
 3 SYSTEMPATH\CodeIgniter.php(493): CodeIgniter\CodeIgniter->createController()
 4 SYSTEMPATH\CodeIgniter.php(361): CodeIgniter\CodeIgniter->handleRequest(null, Object(Config\Cache), false)
 5 FCPATH\index.php(79): CodeIgniter\CodeIgniter->run()
INFO - 2023-12-16 08:01:55 --> Session: Class initialized using 'CodeIgniter\Session\Handlers\FileHandler' driver.
WARNING - 2023-12-16 08:01:55 --> [DEPRECATED] Creation of dynamic property App\Controllers\Master\Manajemensurat::$appconfig is deprecated in APPPATH\Controllers\BaseController.php on line 67.
 1 APPPATH\Controllers\Master\Manajemensurat.php(12): App\Controllers\BaseController->__construct()
 2 SYSTEMPATH\CodeIgniter.php(914): App\Controllers\Master\Manajemensurat->__construct()
 3 SYSTEMPATH\CodeIgniter.php(493): CodeIgniter\CodeIgniter->createController()
 4 SYSTEMPATH\CodeIgniter.php(361): CodeIgniter\CodeIgniter->handleRequest(null, Object(Config\Cache), false)
 5 FCPATH\index.php(79): CodeIgniter\CodeIgniter->run()
INFO - 2023-12-16 08:01:55 --> Session: Class initialized using 'CodeIgniter\Session\Handlers\FileHandler' driver.
WARNING - 2023-12-16 08:01:55 --> [DEPRECATED] Creation of dynamic property App\Controllers\Master\Manajemensurat::$appconfig is deprecated in APPPATH\Controllers\BaseController.php on line 67.
 1 APPPATH\Controllers\Master\Manajemensurat.php(12): App\Controllers\BaseController->__construct()
 2 SYSTEMPATH\CodeIgniter.php(914): App\Controllers\Master\Manajemensurat->__construct()
 3 SYSTEMPATH\CodeIgniter.php(493): CodeIgniter\CodeIgniter->createController()
 4 SYSTEMPATH\CodeIgniter.php(361): CodeIgniter\CodeIgniter->handleRequest(null, Object(Config\Cache), false)
 5 FCPATH\index.php(79): CodeIgniter\CodeIgniter->run()
INFO - 2023-12-16 08:01:57 --> Session: Class initialized using 'CodeIgniter\Session\Handlers\FileHandler' driver.
WARNING - 2023-12-16 08:01:57 --> [DEPRECATED] Creation of dynamic property App\Controllers\Master\Layanan::$appconfig is deprecated in APPPATH\Controllers\BaseController.php on line 67.
 1 APPPATH\Controllers\Master\Layanan.php(12): App\Controllers\BaseController->__construct()
 2 SYSTEMPATH\CodeIgniter.php(914): App\Controllers\Master\Layanan->__construct()
 3 SYSTEMPATH\CodeIgniter.php(493): CodeIgniter\CodeIgniter->createController()
 4 SYSTEMPATH\CodeIgniter.php(361): CodeIgniter\CodeIgniter->handleRequest(null, Object(Config\Cache), false)
 5 FCPATH\index.php(79): CodeIgniter\CodeIgniter->run()
INFO - 2023-12-16 08:01:58 --> Session: Class initialized using 'CodeIgniter\Session\Handlers\FileHandler' driver.
WARNING - 2023-12-16 08:01:58 --> [DEPRECATED] Creation of dynamic property App\Controllers\Master\Layanan::$appconfig is deprecated in APPPATH\Controllers\BaseController.php on line 67.
 1 APPPATH\Controllers\Master\Layanan.php(12): App\Controllers\BaseController->__construct()
 2 SYSTEMPATH\CodeIgniter.php(914): App\Controllers\Master\Layanan->__construct()
 3 SYSTEMPATH\CodeIgniter.php(493): CodeIgniter\CodeIgniter->createController()
 4 SYSTEMPATH\CodeIgniter.php(361): CodeIgniter\CodeIgniter->handleRequest(null, Object(Config\Cache), false)
 5 FCPATH\index.php(79): CodeIgniter\CodeIgniter->run()
INFO - 2023-12-16 08:02:01 --> Session: Class initialized using 'CodeIgniter\Session\Handlers\FileHandler' driver.
WARNING - 2023-12-16 08:02:01 --> [DEPRECATED] Creation of dynamic property App\Controllers\Master\Datamhs::$appconfig is deprecated in APPPATH\Controllers\BaseController.php on line 67.
 1 APPPATH\Controllers\Master\Datamhs.php(12): App\Controllers\BaseController->__construct()
 2 SYSTEMPATH\CodeIgniter.php(914): App\Controllers\Master\Datamhs->__construct()
 3 SYSTEMPATH\CodeIgniter.php(493): CodeIgniter\CodeIgniter->createController()
 4 SYSTEMPATH\CodeIgniter.php(361): CodeIgniter\CodeIgniter->handleRequest(null, Object(Config\Cache), false)
 5 FCPATH\index.php(79): CodeIgniter\CodeIgniter->run()
INFO - 2023-12-16 08:02:01 --> Session: Class initialized using 'CodeIgniter\Session\Handlers\FileHandler' driver.
WARNING - 2023-12-16 08:02:02 --> [DEPRECATED] Creation of dynamic property App\Controllers\Master\Datamhs::$appconfig is deprecated in APPPATH\Controllers\BaseController.php on line 67.
 1 APPPATH\Controllers\Master\Datamhs.php(12): App\Controllers\BaseController->__construct()
 2 SYSTEMPATH\CodeIgniter.php(914): App\Controllers\Master\Datamhs->__construct()
 3 SYSTEMPATH\CodeIgniter.php(493): CodeIgniter\CodeIgniter->createController()
 4 SYSTEMPATH\CodeIgniter.php(361): CodeIgniter\CodeIgniter->handleRequest(null, Object(Config\Cache), false)
 5 FCPATH\index.php(79): CodeIgniter\CodeIgniter->run()
INFO - 2023-12-16 08:02:02 --> Session: Class initialized using 'CodeIgniter\Session\Handlers\FileHandler' driver.
WARNING - 2023-12-16 08:02:02 --> [DEPRECATED] Creation of dynamic property App\Controllers\Master\Datamhs::$appconfig is deprecated in APPPATH\Controllers\BaseController.php on line 67.
 1 APPPATH\Controllers\Master\Datamhs.php(12): App\Controllers\BaseController->__construct()
 2 SYSTEMPATH\CodeIgniter.php(914): App\Controllers\Master\Datamhs->__construct()
 3 SYSTEMPATH\CodeIgniter.php(493): CodeIgniter\CodeIgniter->createController()
 4 SYSTEMPATH\CodeIgniter.php(361): CodeIgniter\CodeIgniter->handleRequest(null, Object(Config\Cache), false)
 5 FCPATH\index.php(79): CodeIgniter\CodeIgniter->run()
INFO - 2023-12-16 08:02:02 --> Session: Class initialized using 'CodeIgniter\Session\Handlers\FileHandler' driver.
WARNING - 2023-12-16 08:02:02 --> [DEPRECATED] Creation of dynamic property App\Controllers\Master\Datamhs::$appconfig is deprecated in APPPATH\Controllers\BaseController.php on line 67.
 1 APPPATH\Controllers\Master\Datamhs.php(12): App\Controllers\BaseController->__construct()
 2 SYSTEMPATH\CodeIgniter.php(914): App\Controllers\Master\Datamhs->__construct()
 3 SYSTEMPATH\CodeIgniter.php(493): CodeIgniter\CodeIgniter->createController()
 4 SYSTEMPATH\CodeIgniter.php(361): CodeIgniter\CodeIgniter->handleRequest(null, Object(Config\Cache), false)
 5 FCPATH\index.php(79): CodeIgniter\CodeIgniter->run()
INFO - 2023-12-16 08:04:26 --> Session: Class initialized using 'CodeIgniter\Session\Handlers\FileHandler' driver.
WARNING - 2023-12-16 08:04:26 --> [DEPRECATED] Creation of dynamic property App\Controllers\Master\Datamhs::$appconfig is deprecated in APPPATH\Controllers\BaseController.php on line 67.
 1 APPPATH\Controllers\Master\Datamhs.php(12): App\Controllers\BaseController->__construct()
 2 SYSTEMPATH\CodeIgniter.php(914): App\Controllers\Master\Datamhs->__construct()
 3 SYSTEMPATH\CodeIgniter.php(493): CodeIgniter\CodeIgniter->createController()
 4 SYSTEMPATH\CodeIgniter.php(361): CodeIgniter\CodeIgniter->handleRequest(null, Object(Config\Cache), false)
 5 FCPATH\index.php(79): CodeIgniter\CodeIgniter->run()
INFO - 2023-12-16 08:04:28 --> Session: Class initialized using 'CodeIgniter\Session\Handlers\FileHandler' driver.
WARNING - 2023-12-16 08:04:28 --> [DEPRECATED] Creation of dynamic property App\Controllers\Master\Datamhs::$appconfig is deprecated in APPPATH\Controllers\BaseController.php on line 67.
 1 APPPATH\Controllers\Master\Datamhs.php(12): App\Controllers\BaseController->__construct()
 2 SYSTEMPATH\CodeIgniter.php(914): App\Controllers\Master\Datamhs->__construct()
 3 SYSTEMPATH\CodeIgniter.php(493): CodeIgniter\CodeIgniter->createController()
 4 SYSTEMPATH\CodeIgniter.php(361): CodeIgniter\CodeIgniter->handleRequest(null, Object(Config\Cache), false)
 5 FCPATH\index.php(79): CodeIgniter\CodeIgniter->run()
INFO - 2023-12-16 08:04:28 --> Session: Class initialized using 'CodeIgniter\Session\Handlers\FileHandler' driver.
WARNING - 2023-12-16 08:04:28 --> [DEPRECATED] Creation of dynamic property App\Controllers\Master\Datamhs::$appconfig is deprecated in APPPATH\Controllers\BaseController.php on line 67.
 1 APPPATH\Controllers\Master\Datamhs.php(12): App\Controllers\BaseController->__construct()
 2 SYSTEMPATH\CodeIgniter.php(914): App\Controllers\Master\Datamhs->__construct()
 3 SYSTEMPATH\CodeIgniter.php(493): CodeIgniter\CodeIgniter->createController()
 4 SYSTEMPATH\CodeIgniter.php(361): CodeIgniter\CodeIgniter->handleRequest(null, Object(Config\Cache), false)
 5 FCPATH\index.php(79): CodeIgniter\CodeIgniter->run()
INFO - 2023-12-16 08:04:28 --> Session: Class initialized using 'CodeIgniter\Session\Handlers\FileHandler' driver.
WARNING - 2023-12-16 08:04:28 --> [DEPRECATED] Creation of dynamic property App\Controllers\Master\Datamhs::$appconfig is deprecated in APPPATH\Controllers\BaseController.php on line 67.
 1 APPPATH\Controllers\Master\Datamhs.php(12): App\Controllers\BaseController->__construct()
 2 SYSTEMPATH\CodeIgniter.php(914): App\Controllers\Master\Datamhs->__construct()
 3 SYSTEMPATH\CodeIgniter.php(493): CodeIgniter\CodeIgniter->createController()
 4 SYSTEMPATH\CodeIgniter.php(361): CodeIgniter\CodeIgniter->handleRequest(null, Object(Config\Cache), false)
 5 FCPATH\index.php(79): CodeIgniter\CodeIgniter->run()
INFO - 2023-12-16 08:05:14 --> Session: Class initialized using 'CodeIgniter\Session\Handlers\FileHandler' driver.
WARNING - 2023-12-16 08:05:14 --> [DEPRECATED] Creation of dynamic property App\Controllers\Master\Datamhs::$appconfig is deprecated in APPPATH\Controllers\BaseController.php on line 67.
 1 APPPATH\Controllers\Master\Datamhs.php(12): App\Controllers\BaseController->__construct()
 2 SYSTEMPATH\CodeIgniter.php(914): App\Controllers\Master\Datamhs->__construct()
 3 SYSTEMPATH\CodeIgniter.php(493): CodeIgniter\CodeIgniter->createController()
 4 SYSTEMPATH\CodeIgniter.php(361): CodeIgniter\CodeIgniter->handleRequest(null, Object(Config\Cache), false)
 5 FCPATH\index.php(79): CodeIgniter\CodeIgniter->run()
INFO - 2023-12-16 08:05:16 --> Session: Class initialized using 'CodeIgniter\Session\Handlers\FileHandler' driver.
WARNING - 2023-12-16 08:05:16 --> [DEPRECATED] Creation of dynamic property App\Controllers\Master\Datamhs::$appconfig is deprecated in APPPATH\Controllers\BaseController.php on line 67.
 1 APPPATH\Controllers\Master\Datamhs.php(12): App\Controllers\BaseController->__construct()
 2 SYSTEMPATH\CodeIgniter.php(914): App\Controllers\Master\Datamhs->__construct()
 3 SYSTEMPATH\CodeIgniter.php(493): CodeIgniter\CodeIgniter->createController()
 4 SYSTEMPATH\CodeIgniter.php(361): CodeIgniter\CodeIgniter->handleRequest(null, Object(Config\Cache), false)
 5 FCPATH\index.php(79): CodeIgniter\CodeIgniter->run()
INFO - 2023-12-16 08:05:16 --> Session: Class initialized using 'CodeIgniter\Session\Handlers\FileHandler' driver.
WARNING - 2023-12-16 08:05:16 --> [DEPRECATED] Creation of dynamic property App\Controllers\Master\Datamhs::$appconfig is deprecated in APPPATH\Controllers\BaseController.php on line 67.
 1 APPPATH\Controllers\Master\Datamhs.php(12): App\Controllers\BaseController->__construct()
 2 SYSTEMPATH\CodeIgniter.php(914): App\Controllers\Master\Datamhs->__construct()
 3 SYSTEMPATH\CodeIgniter.php(493): CodeIgniter\CodeIgniter->createController()
 4 SYSTEMPATH\CodeIgniter.php(361): CodeIgniter\CodeIgniter->handleRequest(null, Object(Config\Cache), false)
 5 FCPATH\index.php(79): CodeIgniter\CodeIgniter->run()
INFO - 2023-12-16 08:05:16 --> Session: Class initialized using 'CodeIgniter\Session\Handlers\FileHandler' driver.
WARNING - 2023-12-16 08:05:16 --> [DEPRECATED] Creation of dynamic property App\Controllers\Master\Datamhs::$appconfig is deprecated in APPPATH\Controllers\BaseController.php on line 67.
 1 APPPATH\Controllers\Master\Datamhs.php(12): App\Controllers\BaseController->__construct()
 2 SYSTEMPATH\CodeIgniter.php(914): App\Controllers\Master\Datamhs->__construct()
 3 SYSTEMPATH\CodeIgniter.php(493): CodeIgniter\CodeIgniter->createController()
 4 SYSTEMPATH\CodeIgniter.php(361): CodeIgniter\CodeIgniter->handleRequest(null, Object(Config\Cache), false)
 5 FCPATH\index.php(79): CodeIgniter\CodeIgniter->run()
