INFO - 2023-11-24 00:30:16 --> Session: Class initialized using 'CodeIgniter\Session\Handlers\FileHandler' driver.
WARNING - 2023-11-24 00:30:16 --> [DEPRECATED] Creation of dynamic property App\Controllers\Master\Infoakademik::$appconfig is deprecated in APPPATH\Controllers\BaseController.php on line 67.
 1 APPPATH\Controllers\Master\Infoakademik.php(10): App\Controllers\BaseController->__construct()
 2 SYSTEMPATH\CodeIgniter.php(914): App\Controllers\Master\Infoakademik->__construct()
 3 SYSTEMPATH\CodeIgniter.php(493): CodeIgniter\CodeIgniter->createController()
 4 SYSTEMPATH\CodeIgniter.php(361): CodeIgniter\CodeIgniter->handleRequest(null, Object(Config\Cache), false)
 5 FCPATH\index.php(79): CodeIgniter\CodeIgniter->run()
INFO - 2023-11-24 00:30:19 --> Session: Class initialized using 'CodeIgniter\Session\Handlers\FileHandler' driver.
WARNING - 2023-11-24 00:30:19 --> [DEPRECATED] Creation of dynamic property App\Controllers\Master\Infoakademik::$appconfig is deprecated in APPPATH\Controllers\BaseController.php on line 67.
 1 APPPATH\Controllers\Master\Infoakademik.php(10): App\Controllers\BaseController->__construct()
 2 SYSTEMPATH\CodeIgniter.php(914): App\Controllers\Master\Infoakademik->__construct()
 3 SYSTEMPATH\CodeIgniter.php(493): CodeIgniter\CodeIgniter->createController()
 4 SYSTEMPATH\CodeIgniter.php(361): CodeIgniter\CodeIgniter->handleRequest(null, Object(Config\Cache), false)
 5 FCPATH\index.php(79): CodeIgniter\CodeIgniter->run()
CRITICAL - 2023-11-24 00:30:19 --> Too few arguments to function App\Controllers\Master\Infoakademik::service(), 1 passed in C:\xampp\htdocs\infoAkademik\system\CodeIgniter.php on line 942 and exactly 2 expected
in APPPATH\Controllers\Master\Infoakademik.php on line 34.
 1 SYSTEMPATH\CodeIgniter.php(942): App\Controllers\Master\Infoakademik->service('grid')
 2 SYSTEMPATH\CodeIgniter.php(502): CodeIgniter\CodeIgniter->runController(Object(App\Controllers\Master\Infoakademik))
 3 SYSTEMPATH\CodeIgniter.php(361): CodeIgniter\CodeIgniter->handleRequest(null, Object(Config\Cache), false)
 4 FCPATH\index.php(79): CodeIgniter\CodeIgniter->run()
INFO - 2023-11-24 10:28:17 --> Session: Class initialized using 'CodeIgniter\Session\Handlers\FileHandler' driver.
WARNING - 2023-11-24 10:28:17 --> [DEPRECATED] Creation of dynamic property App\Controllers\Master\Infoakademik::$appconfig is deprecated in APPPATH\Controllers\BaseController.php on line 67.
 1 APPPATH\Controllers\Master\Infoakademik.php(10): App\Controllers\BaseController->__construct()
 2 SYSTEMPATH\CodeIgniter.php(914): App\Controllers\Master\Infoakademik->__construct()
 3 SYSTEMPATH\CodeIgniter.php(493): CodeIgniter\CodeIgniter->createController()
 4 SYSTEMPATH\CodeIgniter.php(361): CodeIgniter\CodeIgniter->handleRequest(null, Object(Config\Cache), false)
 5 FCPATH\index.php(79): CodeIgniter\CodeIgniter->run()
INFO - 2023-11-24 10:28:20 --> Session: Class initialized using 'CodeIgniter\Session\Handlers\FileHandler' driver.
WARNING - 2023-11-24 10:28:20 --> [DEPRECATED] Creation of dynamic property App\Controllers\Master\Infoakademik::$appconfig is deprecated in APPPATH\Controllers\BaseController.php on line 67.
 1 APPPATH\Controllers\Master\Infoakademik.php(10): App\Controllers\BaseController->__construct()
 2 SYSTEMPATH\CodeIgniter.php(914): App\Controllers\Master\Infoakademik->__construct()
 3 SYSTEMPATH\CodeIgniter.php(493): CodeIgniter\CodeIgniter->createController()
 4 SYSTEMPATH\CodeIgniter.php(361): CodeIgniter\CodeIgniter->handleRequest(null, Object(Config\Cache), false)
 5 FCPATH\index.php(79): CodeIgniter\CodeIgniter->run()
CRITICAL - 2023-11-24 10:28:20 --> Too few arguments to function App\Controllers\Master\Infoakademik::service(), 1 passed in C:\xampp\htdocs\infoAkademik\system\CodeIgniter.php on line 942 and exactly 2 expected
in APPPATH\Controllers\Master\Infoakademik.php on line 34.
 1 SYSTEMPATH\CodeIgniter.php(942): App\Controllers\Master\Infoakademik->service('grid')
 2 SYSTEMPATH\CodeIgniter.php(502): CodeIgniter\CodeIgniter->runController(Object(App\Controllers\Master\Infoakademik))
 3 SYSTEMPATH\CodeIgniter.php(361): CodeIgniter\CodeIgniter->handleRequest(null, Object(Config\Cache), false)
 4 FCPATH\index.php(79): CodeIgniter\CodeIgniter->run()
INFO - 2023-11-24 10:41:22 --> Session: Class initialized using 'CodeIgniter\Session\Handlers\FileHandler' driver.
WARNING - 2023-11-24 10:41:22 --> [DEPRECATED] Creation of dynamic property App\Controllers\Master\Infoakademik::$appconfig is deprecated in APPPATH\Controllers\BaseController.php on line 67.
 1 APPPATH\Controllers\Master\Infoakademik.php(10): App\Controllers\BaseController->__construct()
 2 SYSTEMPATH\CodeIgniter.php(914): App\Controllers\Master\Infoakademik->__construct()
 3 SYSTEMPATH\CodeIgniter.php(493): CodeIgniter\CodeIgniter->createController()
 4 SYSTEMPATH\CodeIgniter.php(361): CodeIgniter\CodeIgniter->handleRequest(null, Object(Config\Cache), false)
 5 FCPATH\index.php(79): CodeIgniter\CodeIgniter->run()
INFO - 2023-11-24 10:41:24 --> Session: Class initialized using 'CodeIgniter\Session\Handlers\FileHandler' driver.
WARNING - 2023-11-24 10:41:24 --> [DEPRECATED] Creation of dynamic property App\Controllers\Master\Infoakademik::$appconfig is deprecated in APPPATH\Controllers\BaseController.php on line 67.
 1 APPPATH\Controllers\Master\Infoakademik.php(10): App\Controllers\BaseController->__construct()
 2 SYSTEMPATH\CodeIgniter.php(914): App\Controllers\Master\Infoakademik->__construct()
 3 SYSTEMPATH\CodeIgniter.php(493): CodeIgniter\CodeIgniter->createController()
 4 SYSTEMPATH\CodeIgniter.php(361): CodeIgniter\CodeIgniter->handleRequest(null, Object(Config\Cache), false)
 5 FCPATH\index.php(79): CodeIgniter\CodeIgniter->run()
CRITICAL - 2023-11-24 10:41:24 --> Too few arguments to function App\Controllers\Master\Infoakademik::service(), 1 passed in C:\xampp\htdocs\infoAkademik\system\CodeIgniter.php on line 942 and exactly 2 expected
in APPPATH\Controllers\Master\Infoakademik.php on line 34.
 1 SYSTEMPATH\CodeIgniter.php(942): App\Controllers\Master\Infoakademik->service('grid')
 2 SYSTEMPATH\CodeIgniter.php(502): CodeIgniter\CodeIgniter->runController(Object(App\Controllers\Master\Infoakademik))
 3 SYSTEMPATH\CodeIgniter.php(361): CodeIgniter\CodeIgniter->handleRequest(null, Object(Config\Cache), false)
 4 FCPATH\index.php(79): CodeIgniter\CodeIgniter->run()
INFO - 2023-11-24 10:43:13 --> Session: Class initialized using 'CodeIgniter\Session\Handlers\FileHandler' driver.
WARNING - 2023-11-24 10:43:13 --> [DEPRECATED] Creation of dynamic property App\Controllers\Master\Infoakademik::$appconfig is deprecated in APPPATH\Controllers\BaseController.php on line 67.
 1 APPPATH\Controllers\Master\Infoakademik.php(10): App\Controllers\BaseController->__construct()
 2 SYSTEMPATH\CodeIgniter.php(914): App\Controllers\Master\Infoakademik->__construct()
 3 SYSTEMPATH\CodeIgniter.php(493): CodeIgniter\CodeIgniter->createController()
 4 SYSTEMPATH\CodeIgniter.php(361): CodeIgniter\CodeIgniter->handleRequest(null, Object(Config\Cache), false)
 5 FCPATH\index.php(79): CodeIgniter\CodeIgniter->run()
INFO - 2023-11-24 10:43:14 --> Session: Class initialized using 'CodeIgniter\Session\Handlers\FileHandler' driver.
WARNING - 2023-11-24 10:43:14 --> [DEPRECATED] Creation of dynamic property App\Controllers\Master\Infoakademik::$appconfig is deprecated in APPPATH\Controllers\BaseController.php on line 67.
 1 APPPATH\Controllers\Master\Infoakademik.php(10): App\Controllers\BaseController->__construct()
 2 SYSTEMPATH\CodeIgniter.php(914): App\Controllers\Master\Infoakademik->__construct()
 3 SYSTEMPATH\CodeIgniter.php(493): CodeIgniter\CodeIgniter->createController()
 4 SYSTEMPATH\CodeIgniter.php(361): CodeIgniter\CodeIgniter->handleRequest(null, Object(Config\Cache), false)
 5 FCPATH\index.php(79): CodeIgniter\CodeIgniter->run()
CRITICAL - 2023-11-24 10:43:14 --> Too few arguments to function App\Controllers\Master\Infoakademik::service(), 1 passed in C:\xampp\htdocs\infoAkademik\system\CodeIgniter.php on line 942 and exactly 2 expected
in APPPATH\Controllers\Master\Infoakademik.php on line 34.
 1 SYSTEMPATH\CodeIgniter.php(942): App\Controllers\Master\Infoakademik->service('grid')
 2 SYSTEMPATH\CodeIgniter.php(502): CodeIgniter\CodeIgniter->runController(Object(App\Controllers\Master\Infoakademik))
 3 SYSTEMPATH\CodeIgniter.php(361): CodeIgniter\CodeIgniter->handleRequest(null, Object(Config\Cache), false)
 4 FCPATH\index.php(79): CodeIgniter\CodeIgniter->run()
INFO - 2023-11-24 10:44:37 --> Session: Class initialized using 'CodeIgniter\Session\Handlers\FileHandler' driver.
WARNING - 2023-11-24 10:44:37 --> [DEPRECATED] Creation of dynamic property App\Controllers\Master\Infoakademik::$appconfig is deprecated in APPPATH\Controllers\BaseController.php on line 67.
 1 APPPATH\Controllers\Master\Infoakademik.php(10): App\Controllers\BaseController->__construct()
 2 SYSTEMPATH\CodeIgniter.php(914): App\Controllers\Master\Infoakademik->__construct()
 3 SYSTEMPATH\CodeIgniter.php(493): CodeIgniter\CodeIgniter->createController()
 4 SYSTEMPATH\CodeIgniter.php(361): CodeIgniter\CodeIgniter->handleRequest(null, Object(Config\Cache), false)
 5 FCPATH\index.php(79): CodeIgniter\CodeIgniter->run()
INFO - 2023-11-24 10:44:38 --> Session: Class initialized using 'CodeIgniter\Session\Handlers\FileHandler' driver.
WARNING - 2023-11-24 10:44:38 --> [DEPRECATED] Creation of dynamic property App\Controllers\Master\Infoakademik::$appconfig is deprecated in APPPATH\Controllers\BaseController.php on line 67.
 1 APPPATH\Controllers\Master\Infoakademik.php(10): App\Controllers\BaseController->__construct()
 2 SYSTEMPATH\CodeIgniter.php(914): App\Controllers\Master\Infoakademik->__construct()
 3 SYSTEMPATH\CodeIgniter.php(493): CodeIgniter\CodeIgniter->createController()
 4 SYSTEMPATH\CodeIgniter.php(361): CodeIgniter\CodeIgniter->handleRequest(null, Object(Config\Cache), false)
 5 FCPATH\index.php(79): CodeIgniter\CodeIgniter->run()
INFO - 2023-11-24 10:45:13 --> Session: Class initialized using 'CodeIgniter\Session\Handlers\FileHandler' driver.
WARNING - 2023-11-24 10:45:13 --> [DEPRECATED] Creation of dynamic property App\Controllers\Master\Infoakademik::$appconfig is deprecated in APPPATH\Controllers\BaseController.php on line 67.
 1 APPPATH\Controllers\Master\Infoakademik.php(10): App\Controllers\BaseController->__construct()
 2 SYSTEMPATH\CodeIgniter.php(914): App\Controllers\Master\Infoakademik->__construct()
 3 SYSTEMPATH\CodeIgniter.php(493): CodeIgniter\CodeIgniter->createController()
 4 SYSTEMPATH\CodeIgniter.php(361): CodeIgniter\CodeIgniter->handleRequest(null, Object(Config\Cache), false)
 5 FCPATH\index.php(79): CodeIgniter\CodeIgniter->run()
INFO - 2023-11-24 10:45:14 --> Session: Class initialized using 'CodeIgniter\Session\Handlers\FileHandler' driver.
WARNING - 2023-11-24 10:45:14 --> [DEPRECATED] Creation of dynamic property App\Controllers\Master\Infoakademik::$appconfig is deprecated in APPPATH\Controllers\BaseController.php on line 67.
 1 APPPATH\Controllers\Master\Infoakademik.php(10): App\Controllers\BaseController->__construct()
 2 SYSTEMPATH\CodeIgniter.php(914): App\Controllers\Master\Infoakademik->__construct()
 3 SYSTEMPATH\CodeIgniter.php(493): CodeIgniter\CodeIgniter->createController()
 4 SYSTEMPATH\CodeIgniter.php(361): CodeIgniter\CodeIgniter->handleRequest(null, Object(Config\Cache), false)
 5 FCPATH\index.php(79): CodeIgniter\CodeIgniter->run()
INFO - 2023-11-24 10:45:22 --> Session: Class initialized using 'CodeIgniter\Session\Handlers\FileHandler' driver.
WARNING - 2023-11-24 10:45:22 --> [DEPRECATED] Creation of dynamic property App\Controllers\Master\Layanan::$appconfig is deprecated in APPPATH\Controllers\BaseController.php on line 67.
 1 APPPATH\Controllers\Master\Layanan.php(10): App\Controllers\BaseController->__construct()
 2 SYSTEMPATH\CodeIgniter.php(914): App\Controllers\Master\Layanan->__construct()
 3 SYSTEMPATH\CodeIgniter.php(493): CodeIgniter\CodeIgniter->createController()
 4 SYSTEMPATH\CodeIgniter.php(361): CodeIgniter\CodeIgniter->handleRequest(null, Object(Config\Cache), false)
 5 FCPATH\index.php(79): CodeIgniter\CodeIgniter->run()
INFO - 2023-11-24 10:45:23 --> Session: Class initialized using 'CodeIgniter\Session\Handlers\FileHandler' driver.
WARNING - 2023-11-24 10:45:23 --> [DEPRECATED] Creation of dynamic property App\Controllers\Master\Layanan::$appconfig is deprecated in APPPATH\Controllers\BaseController.php on line 67.
 1 APPPATH\Controllers\Master\Layanan.php(10): App\Controllers\BaseController->__construct()
 2 SYSTEMPATH\CodeIgniter.php(914): App\Controllers\Master\Layanan->__construct()
 3 SYSTEMPATH\CodeIgniter.php(493): CodeIgniter\CodeIgniter->createController()
 4 SYSTEMPATH\CodeIgniter.php(361): CodeIgniter\CodeIgniter->handleRequest(null, Object(Config\Cache), false)
 5 FCPATH\index.php(79): CodeIgniter\CodeIgniter->run()
INFO - 2023-11-24 10:45:30 --> Session: Class initialized using 'CodeIgniter\Session\Handlers\FileHandler' driver.
WARNING - 2023-11-24 10:45:30 --> [DEPRECATED] Creation of dynamic property App\Controllers\Master\Manjsurat::$appconfig is deprecated in APPPATH\Controllers\BaseController.php on line 67.
 1 APPPATH\Controllers\Master\Manjsurat.php(10): App\Controllers\BaseController->__construct()
 2 SYSTEMPATH\CodeIgniter.php(914): App\Controllers\Master\Manjsurat->__construct()
 3 SYSTEMPATH\CodeIgniter.php(493): CodeIgniter\CodeIgniter->createController()
 4 SYSTEMPATH\CodeIgniter.php(361): CodeIgniter\CodeIgniter->handleRequest(null, Object(Config\Cache), false)
 5 FCPATH\index.php(79): CodeIgniter\CodeIgniter->run()
INFO - 2023-11-24 10:45:31 --> Session: Class initialized using 'CodeIgniter\Session\Handlers\FileHandler' driver.
WARNING - 2023-11-24 10:45:31 --> [DEPRECATED] Creation of dynamic property App\Controllers\Master\Manjsurat::$appconfig is deprecated in APPPATH\Controllers\BaseController.php on line 67.
 1 APPPATH\Controllers\Master\Manjsurat.php(10): App\Controllers\BaseController->__construct()
 2 SYSTEMPATH\CodeIgniter.php(914): App\Controllers\Master\Manjsurat->__construct()
 3 SYSTEMPATH\CodeIgniter.php(493): CodeIgniter\CodeIgniter->createController()
 4 SYSTEMPATH\CodeIgniter.php(361): CodeIgniter\CodeIgniter->handleRequest(null, Object(Config\Cache), false)
 5 FCPATH\index.php(79): CodeIgniter\CodeIgniter->run()
INFO - 2023-11-24 10:46:44 --> Session: Class initialized using 'CodeIgniter\Session\Handlers\FileHandler' driver.
WARNING - 2023-11-24 10:46:44 --> [DEPRECATED] Creation of dynamic property App\Controllers\Master\Infoakademik::$appconfig is deprecated in APPPATH\Controllers\BaseController.php on line 67.
 1 APPPATH\Controllers\Master\Infoakademik.php(10): App\Controllers\BaseController->__construct()
 2 SYSTEMPATH\CodeIgniter.php(914): App\Controllers\Master\Infoakademik->__construct()
 3 SYSTEMPATH\CodeIgniter.php(493): CodeIgniter\CodeIgniter->createController()
 4 SYSTEMPATH\CodeIgniter.php(361): CodeIgniter\CodeIgniter->handleRequest(null, Object(Config\Cache), false)
 5 FCPATH\index.php(79): CodeIgniter\CodeIgniter->run()
INFO - 2023-11-24 10:46:44 --> Session: Class initialized using 'CodeIgniter\Session\Handlers\FileHandler' driver.
WARNING - 2023-11-24 10:46:44 --> [DEPRECATED] Creation of dynamic property App\Controllers\Master\Infoakademik::$appconfig is deprecated in APPPATH\Controllers\BaseController.php on line 67.
 1 APPPATH\Controllers\Master\Infoakademik.php(10): App\Controllers\BaseController->__construct()
 2 SYSTEMPATH\CodeIgniter.php(914): App\Controllers\Master\Infoakademik->__construct()
 3 SYSTEMPATH\CodeIgniter.php(493): CodeIgniter\CodeIgniter->createController()
 4 SYSTEMPATH\CodeIgniter.php(361): CodeIgniter\CodeIgniter->handleRequest(null, Object(Config\Cache), false)
 5 FCPATH\index.php(79): CodeIgniter\CodeIgniter->run()
INFO - 2023-11-24 10:49:50 --> Session: Class initialized using 'CodeIgniter\Session\Handlers\FileHandler' driver.
WARNING - 2023-11-24 10:49:50 --> [DEPRECATED] Creation of dynamic property App\Controllers\Master\Infoakademik::$appconfig is deprecated in APPPATH\Controllers\BaseController.php on line 67.
 1 APPPATH\Controllers\Master\Infoakademik.php(10): App\Controllers\BaseController->__construct()
 2 SYSTEMPATH\CodeIgniter.php(914): App\Controllers\Master\Infoakademik->__construct()
 3 SYSTEMPATH\CodeIgniter.php(493): CodeIgniter\CodeIgniter->createController()
 4 SYSTEMPATH\CodeIgniter.php(361): CodeIgniter\CodeIgniter->handleRequest(null, Object(Config\Cache), false)
 5 FCPATH\index.php(79): CodeIgniter\CodeIgniter->run()
INFO - 2023-11-24 10:49:51 --> Session: Class initialized using 'CodeIgniter\Session\Handlers\FileHandler' driver.
WARNING - 2023-11-24 10:49:51 --> [DEPRECATED] Creation of dynamic property App\Controllers\Master\Infoakademik::$appconfig is deprecated in APPPATH\Controllers\BaseController.php on line 67.
 1 APPPATH\Controllers\Master\Infoakademik.php(10): App\Controllers\BaseController->__construct()
 2 SYSTEMPATH\CodeIgniter.php(914): App\Controllers\Master\Infoakademik->__construct()
 3 SYSTEMPATH\CodeIgniter.php(493): CodeIgniter\CodeIgniter->createController()
 4 SYSTEMPATH\CodeIgniter.php(361): CodeIgniter\CodeIgniter->handleRequest(null, Object(Config\Cache), false)
 5 FCPATH\index.php(79): CodeIgniter\CodeIgniter->run()
INFO - 2023-11-24 10:57:03 --> Session: Class initialized using 'CodeIgniter\Session\Handlers\FileHandler' driver.
WARNING - 2023-11-24 10:57:03 --> [DEPRECATED] Creation of dynamic property App\Controllers\Master\Manjsurat::$appconfig is deprecated in APPPATH\Controllers\BaseController.php on line 67.
 1 APPPATH\Controllers\Master\Manjsurat.php(10): App\Controllers\BaseController->__construct()
 2 SYSTEMPATH\CodeIgniter.php(914): App\Controllers\Master\Manjsurat->__construct()
 3 SYSTEMPATH\CodeIgniter.php(493): CodeIgniter\CodeIgniter->createController()
 4 SYSTEMPATH\CodeIgniter.php(361): CodeIgniter\CodeIgniter->handleRequest(null, Object(Config\Cache), false)
 5 FCPATH\index.php(79): CodeIgniter\CodeIgniter->run()
INFO - 2023-11-24 10:57:04 --> Session: Class initialized using 'CodeIgniter\Session\Handlers\FileHandler' driver.
WARNING - 2023-11-24 10:57:04 --> [DEPRECATED] Creation of dynamic property App\Controllers\Master\Manjsurat::$appconfig is deprecated in APPPATH\Controllers\BaseController.php on line 67.
 1 APPPATH\Controllers\Master\Manjsurat.php(10): App\Controllers\BaseController->__construct()
 2 SYSTEMPATH\CodeIgniter.php(914): App\Controllers\Master\Manjsurat->__construct()
 3 SYSTEMPATH\CodeIgniter.php(493): CodeIgniter\CodeIgniter->createController()
 4 SYSTEMPATH\CodeIgniter.php(361): CodeIgniter\CodeIgniter->handleRequest(null, Object(Config\Cache), false)
 5 FCPATH\index.php(79): CodeIgniter\CodeIgniter->run()
INFO - 2023-11-24 10:57:15 --> Session: Class initialized using 'CodeIgniter\Session\Handlers\FileHandler' driver.
WARNING - 2023-11-24 10:57:15 --> [DEPRECATED] Creation of dynamic property App\Controllers\Master\Layanan::$appconfig is deprecated in APPPATH\Controllers\BaseController.php on line 67.
 1 APPPATH\Controllers\Master\Layanan.php(10): App\Controllers\BaseController->__construct()
 2 SYSTEMPATH\CodeIgniter.php(914): App\Controllers\Master\Layanan->__construct()
 3 SYSTEMPATH\CodeIgniter.php(493): CodeIgniter\CodeIgniter->createController()
 4 SYSTEMPATH\CodeIgniter.php(361): CodeIgniter\CodeIgniter->handleRequest(null, Object(Config\Cache), false)
 5 FCPATH\index.php(79): CodeIgniter\CodeIgniter->run()
INFO - 2023-11-24 10:57:16 --> Session: Class initialized using 'CodeIgniter\Session\Handlers\FileHandler' driver.
WARNING - 2023-11-24 10:57:16 --> [DEPRECATED] Creation of dynamic property App\Controllers\Master\Layanan::$appconfig is deprecated in APPPATH\Controllers\BaseController.php on line 67.
 1 APPPATH\Controllers\Master\Layanan.php(10): App\Controllers\BaseController->__construct()
 2 SYSTEMPATH\CodeIgniter.php(914): App\Controllers\Master\Layanan->__construct()
 3 SYSTEMPATH\CodeIgniter.php(493): CodeIgniter\CodeIgniter->createController()
 4 SYSTEMPATH\CodeIgniter.php(361): CodeIgniter\CodeIgniter->handleRequest(null, Object(Config\Cache), false)
 5 FCPATH\index.php(79): CodeIgniter\CodeIgniter->run()
INFO - 2023-11-24 10:57:33 --> Session: Class initialized using 'CodeIgniter\Session\Handlers\FileHandler' driver.
WARNING - 2023-11-24 10:57:33 --> [DEPRECATED] Creation of dynamic property App\Controllers\Master\Infoakademik::$appconfig is deprecated in APPPATH\Controllers\BaseController.php on line 67.
 1 APPPATH\Controllers\Master\Infoakademik.php(10): App\Controllers\BaseController->__construct()
 2 SYSTEMPATH\CodeIgniter.php(914): App\Controllers\Master\Infoakademik->__construct()
 3 SYSTEMPATH\CodeIgniter.php(493): CodeIgniter\CodeIgniter->createController()
 4 SYSTEMPATH\CodeIgniter.php(361): CodeIgniter\CodeIgniter->handleRequest(null, Object(Config\Cache), false)
 5 FCPATH\index.php(79): CodeIgniter\CodeIgniter->run()
INFO - 2023-11-24 10:57:34 --> Session: Class initialized using 'CodeIgniter\Session\Handlers\FileHandler' driver.
WARNING - 2023-11-24 10:57:34 --> [DEPRECATED] Creation of dynamic property App\Controllers\Master\Infoakademik::$appconfig is deprecated in APPPATH\Controllers\BaseController.php on line 67.
 1 APPPATH\Controllers\Master\Infoakademik.php(10): App\Controllers\BaseController->__construct()
 2 SYSTEMPATH\CodeIgniter.php(914): App\Controllers\Master\Infoakademik->__construct()
 3 SYSTEMPATH\CodeIgniter.php(493): CodeIgniter\CodeIgniter->createController()
 4 SYSTEMPATH\CodeIgniter.php(361): CodeIgniter\CodeIgniter->handleRequest(null, Object(Config\Cache), false)
 5 FCPATH\index.php(79): CodeIgniter\CodeIgniter->run()
INFO - 2023-11-24 10:59:07 --> Session: Class initialized using 'CodeIgniter\Session\Handlers\FileHandler' driver.
WARNING - 2023-11-24 10:59:07 --> [DEPRECATED] Creation of dynamic property App\Controllers\Master\Infoakademik::$appconfig is deprecated in APPPATH\Controllers\BaseController.php on line 67.
 1 APPPATH\Controllers\Master\Infoakademik.php(10): App\Controllers\BaseController->__construct()
 2 SYSTEMPATH\CodeIgniter.php(914): App\Controllers\Master\Infoakademik->__construct()
 3 SYSTEMPATH\CodeIgniter.php(493): CodeIgniter\CodeIgniter->createController()
 4 SYSTEMPATH\CodeIgniter.php(361): CodeIgniter\CodeIgniter->handleRequest(null, Object(Config\Cache), false)
 5 FCPATH\index.php(79): CodeIgniter\CodeIgniter->run()
INFO - 2023-11-24 10:59:08 --> Session: Class initialized using 'CodeIgniter\Session\Handlers\FileHandler' driver.
WARNING - 2023-11-24 10:59:08 --> [DEPRECATED] Creation of dynamic property App\Controllers\Master\Infoakademik::$appconfig is deprecated in APPPATH\Controllers\BaseController.php on line 67.
 1 APPPATH\Controllers\Master\Infoakademik.php(10): App\Controllers\BaseController->__construct()
 2 SYSTEMPATH\CodeIgniter.php(914): App\Controllers\Master\Infoakademik->__construct()
 3 SYSTEMPATH\CodeIgniter.php(493): CodeIgniter\CodeIgniter->createController()
 4 SYSTEMPATH\CodeIgniter.php(361): CodeIgniter\CodeIgniter->handleRequest(null, Object(Config\Cache), false)
 5 FCPATH\index.php(79): CodeIgniter\CodeIgniter->run()
INFO - 2023-11-24 11:00:43 --> Session: Class initialized using 'CodeIgniter\Session\Handlers\FileHandler' driver.
WARNING - 2023-11-24 11:00:43 --> [DEPRECATED] Creation of dynamic property App\Controllers\Master\Infoakademik::$appconfig is deprecated in APPPATH\Controllers\BaseController.php on line 67.
 1 APPPATH\Controllers\Master\Infoakademik.php(10): App\Controllers\BaseController->__construct()
 2 SYSTEMPATH\CodeIgniter.php(914): App\Controllers\Master\Infoakademik->__construct()
 3 SYSTEMPATH\CodeIgniter.php(493): CodeIgniter\CodeIgniter->createController()
 4 SYSTEMPATH\CodeIgniter.php(361): CodeIgniter\CodeIgniter->handleRequest(null, Object(Config\Cache), false)
 5 FCPATH\index.php(79): CodeIgniter\CodeIgniter->run()
INFO - 2023-11-24 11:00:44 --> Session: Class initialized using 'CodeIgniter\Session\Handlers\FileHandler' driver.
WARNING - 2023-11-24 11:00:44 --> [DEPRECATED] Creation of dynamic property App\Controllers\Master\Infoakademik::$appconfig is deprecated in APPPATH\Controllers\BaseController.php on line 67.
 1 APPPATH\Controllers\Master\Infoakademik.php(10): App\Controllers\BaseController->__construct()
 2 SYSTEMPATH\CodeIgniter.php(914): App\Controllers\Master\Infoakademik->__construct()
 3 SYSTEMPATH\CodeIgniter.php(493): CodeIgniter\CodeIgniter->createController()
 4 SYSTEMPATH\CodeIgniter.php(361): CodeIgniter\CodeIgniter->handleRequest(null, Object(Config\Cache), false)
 5 FCPATH\index.php(79): CodeIgniter\CodeIgniter->run()
INFO - 2023-11-24 11:25:24 --> Session: Class initialized using 'CodeIgniter\Session\Handlers\FileHandler' driver.
WARNING - 2023-11-24 11:25:24 --> [DEPRECATED] Creation of dynamic property App\Controllers\Master\Layanan::$appconfig is deprecated in APPPATH\Controllers\BaseController.php on line 67.
 1 APPPATH\Controllers\Master\Layanan.php(10): App\Controllers\BaseController->__construct()
 2 SYSTEMPATH\CodeIgniter.php(914): App\Controllers\Master\Layanan->__construct()
 3 SYSTEMPATH\CodeIgniter.php(493): CodeIgniter\CodeIgniter->createController()
 4 SYSTEMPATH\CodeIgniter.php(361): CodeIgniter\CodeIgniter->handleRequest(null, Object(Config\Cache), false)
 5 FCPATH\index.php(79): CodeIgniter\CodeIgniter->run()
INFO - 2023-11-24 11:25:25 --> Session: Class initialized using 'CodeIgniter\Session\Handlers\FileHandler' driver.
WARNING - 2023-11-24 11:25:25 --> [DEPRECATED] Creation of dynamic property App\Controllers\Master\Layanan::$appconfig is deprecated in APPPATH\Controllers\BaseController.php on line 67.
 1 APPPATH\Controllers\Master\Layanan.php(10): App\Controllers\BaseController->__construct()
 2 SYSTEMPATH\CodeIgniter.php(914): App\Controllers\Master\Layanan->__construct()
 3 SYSTEMPATH\CodeIgniter.php(493): CodeIgniter\CodeIgniter->createController()
 4 SYSTEMPATH\CodeIgniter.php(361): CodeIgniter\CodeIgniter->handleRequest(null, Object(Config\Cache), false)
 5 FCPATH\index.php(79): CodeIgniter\CodeIgniter->run()
INFO - 2023-11-24 11:25:26 --> Session: Class initialized using 'CodeIgniter\Session\Handlers\FileHandler' driver.
WARNING - 2023-11-24 11:25:26 --> [DEPRECATED] Creation of dynamic property App\Controllers\Master\Manjsurat::$appconfig is deprecated in APPPATH\Controllers\BaseController.php on line 67.
 1 APPPATH\Controllers\Master\Manjsurat.php(10): App\Controllers\BaseController->__construct()
 2 SYSTEMPATH\CodeIgniter.php(914): App\Controllers\Master\Manjsurat->__construct()
 3 SYSTEMPATH\CodeIgniter.php(493): CodeIgniter\CodeIgniter->createController()
 4 SYSTEMPATH\CodeIgniter.php(361): CodeIgniter\CodeIgniter->handleRequest(null, Object(Config\Cache), false)
 5 FCPATH\index.php(79): CodeIgniter\CodeIgniter->run()
INFO - 2023-11-24 11:25:26 --> Session: Class initialized using 'CodeIgniter\Session\Handlers\FileHandler' driver.
WARNING - 2023-11-24 11:25:26 --> [DEPRECATED] Creation of dynamic property App\Controllers\Master\Manjsurat::$appconfig is deprecated in APPPATH\Controllers\BaseController.php on line 67.
 1 APPPATH\Controllers\Master\Manjsurat.php(10): App\Controllers\BaseController->__construct()
 2 SYSTEMPATH\CodeIgniter.php(914): App\Controllers\Master\Manjsurat->__construct()
 3 SYSTEMPATH\CodeIgniter.php(493): CodeIgniter\CodeIgniter->createController()
 4 SYSTEMPATH\CodeIgniter.php(361): CodeIgniter\CodeIgniter->handleRequest(null, Object(Config\Cache), false)
 5 FCPATH\index.php(79): CodeIgniter\CodeIgniter->run()
INFO - 2023-11-24 11:25:28 --> Session: Class initialized using 'CodeIgniter\Session\Handlers\FileHandler' driver.
WARNING - 2023-11-24 11:25:28 --> [DEPRECATED] Creation of dynamic property App\Controllers\Master\Layanan::$appconfig is deprecated in APPPATH\Controllers\BaseController.php on line 67.
 1 APPPATH\Controllers\Master\Layanan.php(10): App\Controllers\BaseController->__construct()
 2 SYSTEMPATH\CodeIgniter.php(914): App\Controllers\Master\Layanan->__construct()
 3 SYSTEMPATH\CodeIgniter.php(493): CodeIgniter\CodeIgniter->createController()
 4 SYSTEMPATH\CodeIgniter.php(361): CodeIgniter\CodeIgniter->handleRequest(null, Object(Config\Cache), false)
 5 FCPATH\index.php(79): CodeIgniter\CodeIgniter->run()
INFO - 2023-11-24 11:25:28 --> Session: Class initialized using 'CodeIgniter\Session\Handlers\FileHandler' driver.
WARNING - 2023-11-24 11:25:28 --> [DEPRECATED] Creation of dynamic property App\Controllers\Master\Layanan::$appconfig is deprecated in APPPATH\Controllers\BaseController.php on line 67.
 1 APPPATH\Controllers\Master\Layanan.php(10): App\Controllers\BaseController->__construct()
 2 SYSTEMPATH\CodeIgniter.php(914): App\Controllers\Master\Layanan->__construct()
 3 SYSTEMPATH\CodeIgniter.php(493): CodeIgniter\CodeIgniter->createController()
 4 SYSTEMPATH\CodeIgniter.php(361): CodeIgniter\CodeIgniter->handleRequest(null, Object(Config\Cache), false)
 5 FCPATH\index.php(79): CodeIgniter\CodeIgniter->run()
INFO - 2023-11-24 11:25:30 --> Session: Class initialized using 'CodeIgniter\Session\Handlers\FileHandler' driver.
WARNING - 2023-11-24 11:25:30 --> [DEPRECATED] Creation of dynamic property App\Controllers\Master\Infoakademik::$appconfig is deprecated in APPPATH\Controllers\BaseController.php on line 67.
 1 APPPATH\Controllers\Master\Infoakademik.php(10): App\Controllers\BaseController->__construct()
 2 SYSTEMPATH\CodeIgniter.php(914): App\Controllers\Master\Infoakademik->__construct()
 3 SYSTEMPATH\CodeIgniter.php(493): CodeIgniter\CodeIgniter->createController()
 4 SYSTEMPATH\CodeIgniter.php(361): CodeIgniter\CodeIgniter->handleRequest(null, Object(Config\Cache), false)
 5 FCPATH\index.php(79): CodeIgniter\CodeIgniter->run()
INFO - 2023-11-24 11:25:30 --> Session: Class initialized using 'CodeIgniter\Session\Handlers\FileHandler' driver.
WARNING - 2023-11-24 11:25:30 --> [DEPRECATED] Creation of dynamic property App\Controllers\Master\Infoakademik::$appconfig is deprecated in APPPATH\Controllers\BaseController.php on line 67.
 1 APPPATH\Controllers\Master\Infoakademik.php(10): App\Controllers\BaseController->__construct()
 2 SYSTEMPATH\CodeIgniter.php(914): App\Controllers\Master\Infoakademik->__construct()
 3 SYSTEMPATH\CodeIgniter.php(493): CodeIgniter\CodeIgniter->createController()
 4 SYSTEMPATH\CodeIgniter.php(361): CodeIgniter\CodeIgniter->handleRequest(null, Object(Config\Cache), false)
 5 FCPATH\index.php(79): CodeIgniter\CodeIgniter->run()
