INFO - 2024-01-07 13:02:45 --> Session: Class initialized using 'CodeIgniter\Session\Handlers\FileHandler' driver.
WARNING - 2024-01-07 13:02:45 --> [DEPRECATED] Creation of dynamic property App\Controllers\Home::$appconfig is deprecated in APPPATH\Controllers\BaseController.php on line 67.
 1 APPPATH\Controllers\Home.php(8): App\Controllers\BaseController->__construct()
 2 SYSTEMPATH\CodeIgniter.php(914): App\Controllers\Home->__construct()
 3 SYSTEMPATH\CodeIgniter.php(493): CodeIgniter\CodeIgniter->createController()
 4 SYSTEMPATH\CodeIgniter.php(361): CodeIgniter\CodeIgniter->handleRequest(null, Object(Config\Cache), false)
 5 FCPATH\index.php(79): CodeIgniter\CodeIgniter->run()
INFO - 2024-01-07 13:02:52 --> Session: Class initialized using 'CodeIgniter\Session\Handlers\FileHandler' driver.
WARNING - 2024-01-07 13:02:52 --> [DEPRECATED] Creation of dynamic property App\Controllers\Home::$appconfig is deprecated in APPPATH\Controllers\BaseController.php on line 67.
 1 APPPATH\Controllers\Home.php(8): App\Controllers\BaseController->__construct()
 2 SYSTEMPATH\CodeIgniter.php(914): App\Controllers\Home->__construct()
 3 SYSTEMPATH\CodeIgniter.php(493): CodeIgniter\CodeIgniter->createController()
 4 SYSTEMPATH\CodeIgniter.php(361): CodeIgniter\CodeIgniter->handleRequest(null, Object(Config\Cache), false)
 5 FCPATH\index.php(79): CodeIgniter\CodeIgniter->run()
INFO - 2024-01-07 13:03:03 --> Session: Class initialized using 'CodeIgniter\Session\Handlers\FileHandler' driver.
WARNING - 2024-01-07 13:03:03 --> [DEPRECATED] Creation of dynamic property App\Controllers\Master\Datamhs::$appconfig is deprecated in APPPATH\Controllers\BaseController.php on line 67.
 1 APPPATH\Controllers\Master\Datamhs.php(12): App\Controllers\BaseController->__construct()
 2 SYSTEMPATH\CodeIgniter.php(914): App\Controllers\Master\Datamhs->__construct()
 3 SYSTEMPATH\CodeIgniter.php(493): CodeIgniter\CodeIgniter->createController()
 4 SYSTEMPATH\CodeIgniter.php(361): CodeIgniter\CodeIgniter->handleRequest(null, Object(Config\Cache), false)
 5 FCPATH\index.php(79): CodeIgniter\CodeIgniter->run()
INFO - 2024-01-07 13:03:04 --> Session: Class initialized using 'CodeIgniter\Session\Handlers\FileHandler' driver.
WARNING - 2024-01-07 13:03:04 --> [DEPRECATED] Creation of dynamic property App\Controllers\Master\Datamhs::$appconfig is deprecated in APPPATH\Controllers\BaseController.php on line 67.
 1 APPPATH\Controllers\Master\Datamhs.php(12): App\Controllers\BaseController->__construct()
 2 SYSTEMPATH\CodeIgniter.php(914): App\Controllers\Master\Datamhs->__construct()
 3 SYSTEMPATH\CodeIgniter.php(493): CodeIgniter\CodeIgniter->createController()
 4 SYSTEMPATH\CodeIgniter.php(361): CodeIgniter\CodeIgniter->handleRequest(null, Object(Config\Cache), false)
 5 FCPATH\index.php(79): CodeIgniter\CodeIgniter->run()
INFO - 2024-01-07 13:03:04 --> Session: Class initialized using 'CodeIgniter\Session\Handlers\FileHandler' driver.
WARNING - 2024-01-07 13:03:04 --> [DEPRECATED] Creation of dynamic property App\Controllers\Master\Datamhs::$appconfig is deprecated in APPPATH\Controllers\BaseController.php on line 67.
 1 APPPATH\Controllers\Master\Datamhs.php(12): App\Controllers\BaseController->__construct()
 2 SYSTEMPATH\CodeIgniter.php(914): App\Controllers\Master\Datamhs->__construct()
 3 SYSTEMPATH\CodeIgniter.php(493): CodeIgniter\CodeIgniter->createController()
 4 SYSTEMPATH\CodeIgniter.php(361): CodeIgniter\CodeIgniter->handleRequest(null, Object(Config\Cache), false)
 5 FCPATH\index.php(79): CodeIgniter\CodeIgniter->run()
INFO - 2024-01-07 13:03:04 --> Session: Class initialized using 'CodeIgniter\Session\Handlers\FileHandler' driver.
WARNING - 2024-01-07 13:03:04 --> [DEPRECATED] Creation of dynamic property App\Controllers\Master\Datamhs::$appconfig is deprecated in APPPATH\Controllers\BaseController.php on line 67.
 1 APPPATH\Controllers\Master\Datamhs.php(12): App\Controllers\BaseController->__construct()
 2 SYSTEMPATH\CodeIgniter.php(914): App\Controllers\Master\Datamhs->__construct()
 3 SYSTEMPATH\CodeIgniter.php(493): CodeIgniter\CodeIgniter->createController()
 4 SYSTEMPATH\CodeIgniter.php(361): CodeIgniter\CodeIgniter->handleRequest(null, Object(Config\Cache), false)
 5 FCPATH\index.php(79): CodeIgniter\CodeIgniter->run()
