INFO - 2025-01-10 05:33:07 --> Session: Class initialized using 'CodeIgniter\Session\Handlers\FileHandler' driver.
WARNING - 2025-01-10 05:33:07 --> [DEPRECATED] Creation of dynamic property App\Controllers\Home::$appconfig is deprecated in APPPATH\Controllers\BaseController.php on line 67.
 1 APPPATH\Controllers\Home.php(8): App\Controllers\BaseController->__construct()
 2 SYSTEMPATH\CodeIgniter.php(914): App\Controllers\Home->__construct()
 3 SYSTEMPATH\CodeIgniter.php(493): CodeIgniter\CodeIgniter->createController()
 4 SYSTEMPATH\CodeIgniter.php(361): CodeIgniter\CodeIgniter->handleRequest(null, Object(Config\Cache), false)
 5 FCPATH\index.php(79): CodeIgniter\CodeIgniter->run()
 6 SYSTEMPATH\Commands\Server\rewrite.php(47): require_once('C:\\xampp\\htdocs\\infoAkademik\\public\\index.php')
INFO - 2025-01-10 05:50:28 --> Session: Class initialized using 'CodeIgniter\Session\Handlers\FileHandler' driver.
WARNING - 2025-01-10 05:50:28 --> [DEPRECATED] Creation of dynamic property App\Controllers\Home::$appconfig is deprecated in APPPATH\Controllers\BaseController.php on line 67.
 1 APPPATH\Controllers\Home.php(8): App\Controllers\BaseController->__construct()
 2 SYSTEMPATH\CodeIgniter.php(914): App\Controllers\Home->__construct()
 3 SYSTEMPATH\CodeIgniter.php(493): CodeIgniter\CodeIgniter->createController()
 4 SYSTEMPATH\CodeIgniter.php(361): CodeIgniter\CodeIgniter->handleRequest(null, Object(Config\Cache), false)
 5 FCPATH\index.php(79): CodeIgniter\CodeIgniter->run()
 6 SYSTEMPATH\Commands\Server\rewrite.php(47): require_once('C:\\xampp\\htdocs\\infoAkademik\\public\\index.php')
INFO - 2025-01-10 06:09:02 --> Session: Class initialized using 'CodeIgniter\Session\Handlers\FileHandler' driver.
WARNING - 2025-01-10 06:09:02 --> [DEPRECATED] Creation of dynamic property App\Controllers\Home::$appconfig is deprecated in APPPATH\Controllers\BaseController.php on line 67.
 1 APPPATH\Controllers\Home.php(8): App\Controllers\BaseController->__construct()
 2 SYSTEMPATH\CodeIgniter.php(914): App\Controllers\Home->__construct()
 3 SYSTEMPATH\CodeIgniter.php(493): CodeIgniter\CodeIgniter->createController()
 4 SYSTEMPATH\CodeIgniter.php(361): CodeIgniter\CodeIgniter->handleRequest(null, Object(Config\Cache), false)
 5 FCPATH\index.php(79): CodeIgniter\CodeIgniter->run()
 6 SYSTEMPATH\Commands\Server\rewrite.php(47): require_once('C:\\xampp\\htdocs\\infoAkademik\\public\\index.php')
INFO - 2025-01-10 06:18:33 --> Session: Class initialized using 'CodeIgniter\Session\Handlers\FileHandler' driver.
WARNING - 2025-01-10 06:18:33 --> [DEPRECATED] Creation of dynamic property App\Controllers\Home::$appconfig is deprecated in APPPATH\Controllers\BaseController.php on line 67.
 1 APPPATH\Controllers\Home.php(8): App\Controllers\BaseController->__construct()
 2 SYSTEMPATH\CodeIgniter.php(914): App\Controllers\Home->__construct()
 3 SYSTEMPATH\CodeIgniter.php(493): CodeIgniter\CodeIgniter->createController()
 4 SYSTEMPATH\CodeIgniter.php(361): CodeIgniter\CodeIgniter->handleRequest(null, Object(Config\Cache), false)
 5 FCPATH\index.php(79): CodeIgniter\CodeIgniter->run()
 6 SYSTEMPATH\Commands\Server\rewrite.php(47): require_once('C:\\xampp\\htdocs\\infoAkademik\\public\\index.php')
INFO - 2025-01-10 06:48:20 --> Session: Class initialized using 'CodeIgniter\Session\Handlers\FileHandler' driver.
WARNING - 2025-01-10 06:48:20 --> [DEPRECATED] Creation of dynamic property App\Controllers\Home::$appconfig is deprecated in APPPATH\Controllers\BaseController.php on line 67.
 1 APPPATH\Controllers\Home.php(8): App\Controllers\BaseController->__construct()
 2 SYSTEMPATH\CodeIgniter.php(914): App\Controllers\Home->__construct()
 3 SYSTEMPATH\CodeIgniter.php(493): CodeIgniter\CodeIgniter->createController()
 4 SYSTEMPATH\CodeIgniter.php(361): CodeIgniter\CodeIgniter->handleRequest(null, Object(Config\Cache), false)
 5 FCPATH\index.php(79): CodeIgniter\CodeIgniter->run()
 6 SYSTEMPATH\Commands\Server\rewrite.php(47): require_once('C:\\xampp\\htdocs\\infoAkademik\\public\\index.php')
INFO - 2025-01-10 06:49:55 --> Session: Class initialized using 'CodeIgniter\Session\Handlers\FileHandler' driver.
WARNING - 2025-01-10 06:49:55 --> [DEPRECATED] Creation of dynamic property App\Controllers\Home::$appconfig is deprecated in APPPATH\Controllers\BaseController.php on line 67.
 1 APPPATH\Controllers\Home.php(8): App\Controllers\BaseController->__construct()
 2 SYSTEMPATH\CodeIgniter.php(914): App\Controllers\Home->__construct()
 3 SYSTEMPATH\CodeIgniter.php(493): CodeIgniter\CodeIgniter->createController()
 4 SYSTEMPATH\CodeIgniter.php(361): CodeIgniter\CodeIgniter->handleRequest(null, Object(Config\Cache), false)
 5 FCPATH\index.php(79): CodeIgniter\CodeIgniter->run()
 6 SYSTEMPATH\Commands\Server\rewrite.php(47): require_once('C:\\xampp\\htdocs\\infoAkademik\\public\\index.php')
INFO - 2025-01-10 07:03:10 --> Session: Class initialized using 'CodeIgniter\Session\Handlers\FileHandler' driver.
WARNING - 2025-01-10 07:03:10 --> [DEPRECATED] Creation of dynamic property App\Controllers\Home::$appconfig is deprecated in APPPATH\Controllers\BaseController.php on line 67.
 1 APPPATH\Controllers\Home.php(8): App\Controllers\BaseController->__construct()
 2 SYSTEMPATH\CodeIgniter.php(914): App\Controllers\Home->__construct()
 3 SYSTEMPATH\CodeIgniter.php(493): CodeIgniter\CodeIgniter->createController()
 4 SYSTEMPATH\CodeIgniter.php(361): CodeIgniter\CodeIgniter->handleRequest(null, Object(Config\Cache), false)
 5 FCPATH\index.php(79): CodeIgniter\CodeIgniter->run()
 6 SYSTEMPATH\Commands\Server\rewrite.php(47): require_once('C:\\xampp\\htdocs\\infoAkademik\\public\\index.php')
INFO - 2025-01-10 07:07:06 --> Session: Class initialized using 'CodeIgniter\Session\Handlers\FileHandler' driver.
WARNING - 2025-01-10 07:07:06 --> [DEPRECATED] Creation of dynamic property App\Controllers\Home::$appconfig is deprecated in APPPATH\Controllers\BaseController.php on line 67.
 1 APPPATH\Controllers\Home.php(8): App\Controllers\BaseController->__construct()
 2 SYSTEMPATH\CodeIgniter.php(914): App\Controllers\Home->__construct()
 3 SYSTEMPATH\CodeIgniter.php(493): CodeIgniter\CodeIgniter->createController()
 4 SYSTEMPATH\CodeIgniter.php(361): CodeIgniter\CodeIgniter->handleRequest(null, Object(Config\Cache), false)
 5 FCPATH\index.php(79): CodeIgniter\CodeIgniter->run()
 6 SYSTEMPATH\Commands\Server\rewrite.php(47): require_once('C:\\xampp\\htdocs\\infoAkademik\\public\\index.php')
INFO - 2025-01-10 07:07:17 --> Session: Class initialized using 'CodeIgniter\Session\Handlers\FileHandler' driver.
WARNING - 2025-01-10 07:07:17 --> [DEPRECATED] Creation of dynamic property App\Controllers\Home::$appconfig is deprecated in APPPATH\Controllers\BaseController.php on line 67.
 1 APPPATH\Controllers\Home.php(8): App\Controllers\BaseController->__construct()
 2 SYSTEMPATH\CodeIgniter.php(914): App\Controllers\Home->__construct()
 3 SYSTEMPATH\CodeIgniter.php(493): CodeIgniter\CodeIgniter->createController()
 4 SYSTEMPATH\CodeIgniter.php(361): CodeIgniter\CodeIgniter->handleRequest(null, Object(Config\Cache), false)
 5 FCPATH\index.php(79): CodeIgniter\CodeIgniter->run()
 6 SYSTEMPATH\Commands\Server\rewrite.php(47): require_once('C:\\xampp\\htdocs\\infoAkademik\\public\\index.php')
INFO - 2025-01-10 07:10:17 --> Session: Class initialized using 'CodeIgniter\Session\Handlers\FileHandler' driver.
WARNING - 2025-01-10 07:10:18 --> [DEPRECATED] Creation of dynamic property App\Controllers\Home::$appconfig is deprecated in APPPATH\Controllers\BaseController.php on line 67.
 1 APPPATH\Controllers\Home.php(8): App\Controllers\BaseController->__construct()
 2 SYSTEMPATH\CodeIgniter.php(914): App\Controllers\Home->__construct()
 3 SYSTEMPATH\CodeIgniter.php(493): CodeIgniter\CodeIgniter->createController()
 4 SYSTEMPATH\CodeIgniter.php(361): CodeIgniter\CodeIgniter->handleRequest(null, Object(Config\Cache), false)
 5 FCPATH\index.php(79): CodeIgniter\CodeIgniter->run()
 6 SYSTEMPATH\Commands\Server\rewrite.php(47): require_once('C:\\xampp\\htdocs\\infoAkademik\\public\\index.php')
INFO - 2025-01-10 07:12:01 --> Session: Class initialized using 'CodeIgniter\Session\Handlers\FileHandler' driver.
WARNING - 2025-01-10 07:12:01 --> [DEPRECATED] Creation of dynamic property App\Controllers\Home::$appconfig is deprecated in APPPATH\Controllers\BaseController.php on line 67.
 1 APPPATH\Controllers\Home.php(8): App\Controllers\BaseController->__construct()
 2 SYSTEMPATH\CodeIgniter.php(914): App\Controllers\Home->__construct()
 3 SYSTEMPATH\CodeIgniter.php(493): CodeIgniter\CodeIgniter->createController()
 4 SYSTEMPATH\CodeIgniter.php(361): CodeIgniter\CodeIgniter->handleRequest(null, Object(Config\Cache), false)
 5 FCPATH\index.php(79): CodeIgniter\CodeIgniter->run()
 6 SYSTEMPATH\Commands\Server\rewrite.php(47): require_once('C:\\xampp\\htdocs\\infoAkademik\\public\\index.php')
INFO - 2025-01-10 07:12:08 --> Session: Class initialized using 'CodeIgniter\Session\Handlers\FileHandler' driver.
WARNING - 2025-01-10 07:12:08 --> [DEPRECATED] Creation of dynamic property App\Controllers\Home::$appconfig is deprecated in APPPATH\Controllers\BaseController.php on line 67.
 1 APPPATH\Controllers\Home.php(8): App\Controllers\BaseController->__construct()
 2 SYSTEMPATH\CodeIgniter.php(914): App\Controllers\Home->__construct()
 3 SYSTEMPATH\CodeIgniter.php(493): CodeIgniter\CodeIgniter->createController()
 4 SYSTEMPATH\CodeIgniter.php(361): CodeIgniter\CodeIgniter->handleRequest(null, Object(Config\Cache), false)
 5 FCPATH\index.php(79): CodeIgniter\CodeIgniter->run()
 6 SYSTEMPATH\Commands\Server\rewrite.php(47): require_once('C:\\xampp\\htdocs\\infoAkademik\\public\\index.php')
INFO - 2025-01-10 07:17:11 --> Session: Class initialized using 'CodeIgniter\Session\Handlers\FileHandler' driver.
WARNING - 2025-01-10 07:17:11 --> [DEPRECATED] Creation of dynamic property App\Controllers\Home::$appconfig is deprecated in APPPATH\Controllers\BaseController.php on line 67.
 1 APPPATH\Controllers\Home.php(8): App\Controllers\BaseController->__construct()
 2 SYSTEMPATH\CodeIgniter.php(914): App\Controllers\Home->__construct()
 3 SYSTEMPATH\CodeIgniter.php(493): CodeIgniter\CodeIgniter->createController()
 4 SYSTEMPATH\CodeIgniter.php(361): CodeIgniter\CodeIgniter->handleRequest(null, Object(Config\Cache), false)
 5 FCPATH\index.php(79): CodeIgniter\CodeIgniter->run()
 6 SYSTEMPATH\Commands\Server\rewrite.php(47): require_once('C:\\xampp\\htdocs\\infoAkademik\\public\\index.php')
INFO - 2025-01-10 07:18:02 --> Session: Class initialized using 'CodeIgniter\Session\Handlers\FileHandler' driver.
WARNING - 2025-01-10 07:18:02 --> [DEPRECATED] Creation of dynamic property App\Controllers\Home::$appconfig is deprecated in APPPATH\Controllers\BaseController.php on line 67.
 1 APPPATH\Controllers\Home.php(8): App\Controllers\BaseController->__construct()
 2 SYSTEMPATH\CodeIgniter.php(914): App\Controllers\Home->__construct()
 3 SYSTEMPATH\CodeIgniter.php(493): CodeIgniter\CodeIgniter->createController()
 4 SYSTEMPATH\CodeIgniter.php(361): CodeIgniter\CodeIgniter->handleRequest(null, Object(Config\Cache), false)
 5 FCPATH\index.php(79): CodeIgniter\CodeIgniter->run()
 6 SYSTEMPATH\Commands\Server\rewrite.php(47): require_once('C:\\xampp\\htdocs\\infoAkademik\\public\\index.php')
INFO - 2025-01-10 07:19:40 --> Session: Class initialized using 'CodeIgniter\Session\Handlers\FileHandler' driver.
WARNING - 2025-01-10 07:19:40 --> [DEPRECATED] Creation of dynamic property App\Controllers\Home::$appconfig is deprecated in APPPATH\Controllers\BaseController.php on line 67.
 1 APPPATH\Controllers\Home.php(8): App\Controllers\BaseController->__construct()
 2 SYSTEMPATH\CodeIgniter.php(914): App\Controllers\Home->__construct()
 3 SYSTEMPATH\CodeIgniter.php(493): CodeIgniter\CodeIgniter->createController()
 4 SYSTEMPATH\CodeIgniter.php(361): CodeIgniter\CodeIgniter->handleRequest(null, Object(Config\Cache), false)
 5 FCPATH\index.php(79): CodeIgniter\CodeIgniter->run()
 6 SYSTEMPATH\Commands\Server\rewrite.php(47): require_once('C:\\xampp\\htdocs\\infoAkademik\\public\\index.php')
INFO - 2025-01-10 07:19:45 --> Session: Class initialized using 'CodeIgniter\Session\Handlers\FileHandler' driver.
WARNING - 2025-01-10 07:19:45 --> [DEPRECATED] Creation of dynamic property App\Controllers\Master\Datamhs::$appconfig is deprecated in APPPATH\Controllers\BaseController.php on line 67.
 1 APPPATH\Controllers\Master\Datamhs.php(12): App\Controllers\BaseController->__construct()
 2 SYSTEMPATH\CodeIgniter.php(914): App\Controllers\Master\Datamhs->__construct()
 3 SYSTEMPATH\CodeIgniter.php(493): CodeIgniter\CodeIgniter->createController()
 4 SYSTEMPATH\CodeIgniter.php(361): CodeIgniter\CodeIgniter->handleRequest(null, Object(Config\Cache), false)
 5 FCPATH\index.php(79): CodeIgniter\CodeIgniter->run()
 6 SYSTEMPATH\Commands\Server\rewrite.php(47): require_once('C:\\xampp\\htdocs\\infoAkademik\\public\\index.php')
INFO - 2025-01-10 07:19:47 --> Session: Class initialized using 'CodeIgniter\Session\Handlers\FileHandler' driver.
WARNING - 2025-01-10 07:19:47 --> [DEPRECATED] Creation of dynamic property App\Controllers\Master\Datamhs::$appconfig is deprecated in APPPATH\Controllers\BaseController.php on line 67.
 1 APPPATH\Controllers\Master\Datamhs.php(12): App\Controllers\BaseController->__construct()
 2 SYSTEMPATH\CodeIgniter.php(914): App\Controllers\Master\Datamhs->__construct()
 3 SYSTEMPATH\CodeIgniter.php(493): CodeIgniter\CodeIgniter->createController()
 4 SYSTEMPATH\CodeIgniter.php(361): CodeIgniter\CodeIgniter->handleRequest(null, Object(Config\Cache), false)
 5 FCPATH\index.php(79): CodeIgniter\CodeIgniter->run()
 6 SYSTEMPATH\Commands\Server\rewrite.php(47): require_once('C:\\xampp\\htdocs\\infoAkademik\\public\\index.php')
INFO - 2025-01-10 07:19:47 --> Session: Class initialized using 'CodeIgniter\Session\Handlers\FileHandler' driver.
WARNING - 2025-01-10 07:19:47 --> [DEPRECATED] Creation of dynamic property App\Controllers\Master\Datamhs::$appconfig is deprecated in APPPATH\Controllers\BaseController.php on line 67.
 1 APPPATH\Controllers\Master\Datamhs.php(12): App\Controllers\BaseController->__construct()
 2 SYSTEMPATH\CodeIgniter.php(914): App\Controllers\Master\Datamhs->__construct()
 3 SYSTEMPATH\CodeIgniter.php(493): CodeIgniter\CodeIgniter->createController()
 4 SYSTEMPATH\CodeIgniter.php(361): CodeIgniter\CodeIgniter->handleRequest(null, Object(Config\Cache), false)
 5 FCPATH\index.php(79): CodeIgniter\CodeIgniter->run()
 6 SYSTEMPATH\Commands\Server\rewrite.php(47): require_once('C:\\xampp\\htdocs\\infoAkademik\\public\\index.php')
INFO - 2025-01-10 07:19:47 --> Session: Class initialized using 'CodeIgniter\Session\Handlers\FileHandler' driver.
WARNING - 2025-01-10 07:19:47 --> [DEPRECATED] Creation of dynamic property App\Controllers\Master\Datamhs::$appconfig is deprecated in APPPATH\Controllers\BaseController.php on line 67.
 1 APPPATH\Controllers\Master\Datamhs.php(12): App\Controllers\BaseController->__construct()
 2 SYSTEMPATH\CodeIgniter.php(914): App\Controllers\Master\Datamhs->__construct()
 3 SYSTEMPATH\CodeIgniter.php(493): CodeIgniter\CodeIgniter->createController()
 4 SYSTEMPATH\CodeIgniter.php(361): CodeIgniter\CodeIgniter->handleRequest(null, Object(Config\Cache), false)
 5 FCPATH\index.php(79): CodeIgniter\CodeIgniter->run()
 6 SYSTEMPATH\Commands\Server\rewrite.php(47): require_once('C:\\xampp\\htdocs\\infoAkademik\\public\\index.php')
INFO - 2025-01-10 07:20:34 --> Session: Class initialized using 'CodeIgniter\Session\Handlers\FileHandler' driver.
WARNING - 2025-01-10 07:20:34 --> [DEPRECATED] Creation of dynamic property App\Controllers\Master\Datamhs::$appconfig is deprecated in APPPATH\Controllers\BaseController.php on line 67.
 1 APPPATH\Controllers\Master\Datamhs.php(12): App\Controllers\BaseController->__construct()
 2 SYSTEMPATH\CodeIgniter.php(914): App\Controllers\Master\Datamhs->__construct()
 3 SYSTEMPATH\CodeIgniter.php(493): CodeIgniter\CodeIgniter->createController()
 4 SYSTEMPATH\CodeIgniter.php(361): CodeIgniter\CodeIgniter->handleRequest(null, Object(Config\Cache), false)
 5 FCPATH\index.php(79): CodeIgniter\CodeIgniter->run()
 6 SYSTEMPATH\Commands\Server\rewrite.php(47): require_once('C:\\xampp\\htdocs\\infoAkademik\\public\\index.php')
INFO - 2025-01-10 07:20:35 --> Session: Class initialized using 'CodeIgniter\Session\Handlers\FileHandler' driver.
WARNING - 2025-01-10 07:20:35 --> [DEPRECATED] Creation of dynamic property App\Controllers\Master\Datamhs::$appconfig is deprecated in APPPATH\Controllers\BaseController.php on line 67.
 1 APPPATH\Controllers\Master\Datamhs.php(12): App\Controllers\BaseController->__construct()
 2 SYSTEMPATH\CodeIgniter.php(914): App\Controllers\Master\Datamhs->__construct()
 3 SYSTEMPATH\CodeIgniter.php(493): CodeIgniter\CodeIgniter->createController()
 4 SYSTEMPATH\CodeIgniter.php(361): CodeIgniter\CodeIgniter->handleRequest(null, Object(Config\Cache), false)
 5 FCPATH\index.php(79): CodeIgniter\CodeIgniter->run()
 6 SYSTEMPATH\Commands\Server\rewrite.php(47): require_once('C:\\xampp\\htdocs\\infoAkademik\\public\\index.php')
INFO - 2025-01-10 07:20:38 --> Session: Class initialized using 'CodeIgniter\Session\Handlers\FileHandler' driver.
WARNING - 2025-01-10 07:20:38 --> [DEPRECATED] Creation of dynamic property App\Controllers\Master\Datamhs::$appconfig is deprecated in APPPATH\Controllers\BaseController.php on line 67.
 1 APPPATH\Controllers\Master\Datamhs.php(12): App\Controllers\BaseController->__construct()
 2 SYSTEMPATH\CodeIgniter.php(914): App\Controllers\Master\Datamhs->__construct()
 3 SYSTEMPATH\CodeIgniter.php(493): CodeIgniter\CodeIgniter->createController()
 4 SYSTEMPATH\CodeIgniter.php(361): CodeIgniter\CodeIgniter->handleRequest(null, Object(Config\Cache), false)
 5 FCPATH\index.php(79): CodeIgniter\CodeIgniter->run()
 6 SYSTEMPATH\Commands\Server\rewrite.php(47): require_once('C:\\xampp\\htdocs\\infoAkademik\\public\\index.php')
INFO - 2025-01-10 07:20:40 --> Session: Class initialized using 'CodeIgniter\Session\Handlers\FileHandler' driver.
WARNING - 2025-01-10 07:20:40 --> [DEPRECATED] Creation of dynamic property App\Controllers\Master\Datamhs::$appconfig is deprecated in APPPATH\Controllers\BaseController.php on line 67.
 1 APPPATH\Controllers\Master\Datamhs.php(12): App\Controllers\BaseController->__construct()
 2 SYSTEMPATH\CodeIgniter.php(914): App\Controllers\Master\Datamhs->__construct()
 3 SYSTEMPATH\CodeIgniter.php(493): CodeIgniter\CodeIgniter->createController()
 4 SYSTEMPATH\CodeIgniter.php(361): CodeIgniter\CodeIgniter->handleRequest(null, Object(Config\Cache), false)
 5 FCPATH\index.php(79): CodeIgniter\CodeIgniter->run()
 6 SYSTEMPATH\Commands\Server\rewrite.php(47): require_once('C:\\xampp\\htdocs\\infoAkademik\\public\\index.php')
INFO - 2025-01-10 07:20:40 --> Session: Class initialized using 'CodeIgniter\Session\Handlers\FileHandler' driver.
WARNING - 2025-01-10 07:20:40 --> [DEPRECATED] Creation of dynamic property App\Controllers\Master\Datamhs::$appconfig is deprecated in APPPATH\Controllers\BaseController.php on line 67.
 1 APPPATH\Controllers\Master\Datamhs.php(12): App\Controllers\BaseController->__construct()
 2 SYSTEMPATH\CodeIgniter.php(914): App\Controllers\Master\Datamhs->__construct()
 3 SYSTEMPATH\CodeIgniter.php(493): CodeIgniter\CodeIgniter->createController()
 4 SYSTEMPATH\CodeIgniter.php(361): CodeIgniter\CodeIgniter->handleRequest(null, Object(Config\Cache), false)
 5 FCPATH\index.php(79): CodeIgniter\CodeIgniter->run()
 6 SYSTEMPATH\Commands\Server\rewrite.php(47): require_once('C:\\xampp\\htdocs\\infoAkademik\\public\\index.php')
INFO - 2025-01-10 07:20:40 --> Session: Class initialized using 'CodeIgniter\Session\Handlers\FileHandler' driver.
WARNING - 2025-01-10 07:20:40 --> [DEPRECATED] Creation of dynamic property App\Controllers\Master\Datamhs::$appconfig is deprecated in APPPATH\Controllers\BaseController.php on line 67.
 1 APPPATH\Controllers\Master\Datamhs.php(12): App\Controllers\BaseController->__construct()
 2 SYSTEMPATH\CodeIgniter.php(914): App\Controllers\Master\Datamhs->__construct()
 3 SYSTEMPATH\CodeIgniter.php(493): CodeIgniter\CodeIgniter->createController()
 4 SYSTEMPATH\CodeIgniter.php(361): CodeIgniter\CodeIgniter->handleRequest(null, Object(Config\Cache), false)
 5 FCPATH\index.php(79): CodeIgniter\CodeIgniter->run()
 6 SYSTEMPATH\Commands\Server\rewrite.php(47): require_once('C:\\xampp\\htdocs\\infoAkademik\\public\\index.php')
INFO - 2025-01-10 07:20:43 --> Session: Class initialized using 'CodeIgniter\Session\Handlers\FileHandler' driver.
WARNING - 2025-01-10 07:20:43 --> [DEPRECATED] Creation of dynamic property App\Controllers\Master\Datadosen::$appconfig is deprecated in APPPATH\Controllers\BaseController.php on line 67.
 1 APPPATH\Controllers\Master\Datadosen.php(12): App\Controllers\BaseController->__construct()
 2 SYSTEMPATH\CodeIgniter.php(914): App\Controllers\Master\Datadosen->__construct()
 3 SYSTEMPATH\CodeIgniter.php(493): CodeIgniter\CodeIgniter->createController()
 4 SYSTEMPATH\CodeIgniter.php(361): CodeIgniter\CodeIgniter->handleRequest(null, Object(Config\Cache), false)
 5 FCPATH\index.php(79): CodeIgniter\CodeIgniter->run()
 6 SYSTEMPATH\Commands\Server\rewrite.php(47): require_once('C:\\xampp\\htdocs\\infoAkademik\\public\\index.php')
INFO - 2025-01-10 07:20:45 --> Session: Class initialized using 'CodeIgniter\Session\Handlers\FileHandler' driver.
WARNING - 2025-01-10 07:20:45 --> [DEPRECATED] Creation of dynamic property App\Controllers\Master\Datadosen::$appconfig is deprecated in APPPATH\Controllers\BaseController.php on line 67.
 1 APPPATH\Controllers\Master\Datadosen.php(12): App\Controllers\BaseController->__construct()
 2 SYSTEMPATH\CodeIgniter.php(914): App\Controllers\Master\Datadosen->__construct()
 3 SYSTEMPATH\CodeIgniter.php(493): CodeIgniter\CodeIgniter->createController()
 4 SYSTEMPATH\CodeIgniter.php(361): CodeIgniter\CodeIgniter->handleRequest(null, Object(Config\Cache), false)
 5 FCPATH\index.php(79): CodeIgniter\CodeIgniter->run()
 6 SYSTEMPATH\Commands\Server\rewrite.php(47): require_once('C:\\xampp\\htdocs\\infoAkademik\\public\\index.php')
INFO - 2025-01-10 07:20:46 --> Session: Class initialized using 'CodeIgniter\Session\Handlers\FileHandler' driver.
WARNING - 2025-01-10 07:20:46 --> [DEPRECATED] Creation of dynamic property App\Controllers\Master\Datadosen::$appconfig is deprecated in APPPATH\Controllers\BaseController.php on line 67.
 1 APPPATH\Controllers\Master\Datadosen.php(12): App\Controllers\BaseController->__construct()
 2 SYSTEMPATH\CodeIgniter.php(914): App\Controllers\Master\Datadosen->__construct()
 3 SYSTEMPATH\CodeIgniter.php(493): CodeIgniter\CodeIgniter->createController()
 4 SYSTEMPATH\CodeIgniter.php(361): CodeIgniter\CodeIgniter->handleRequest(null, Object(Config\Cache), false)
 5 FCPATH\index.php(79): CodeIgniter\CodeIgniter->run()
 6 SYSTEMPATH\Commands\Server\rewrite.php(47): require_once('C:\\xampp\\htdocs\\infoAkademik\\public\\index.php')
INFO - 2025-01-10 07:20:46 --> Session: Class initialized using 'CodeIgniter\Session\Handlers\FileHandler' driver.
WARNING - 2025-01-10 07:20:46 --> [DEPRECATED] Creation of dynamic property App\Controllers\Master\Datadosen::$appconfig is deprecated in APPPATH\Controllers\BaseController.php on line 67.
 1 APPPATH\Controllers\Master\Datadosen.php(12): App\Controllers\BaseController->__construct()
 2 SYSTEMPATH\CodeIgniter.php(914): App\Controllers\Master\Datadosen->__construct()
 3 SYSTEMPATH\CodeIgniter.php(493): CodeIgniter\CodeIgniter->createController()
 4 SYSTEMPATH\CodeIgniter.php(361): CodeIgniter\CodeIgniter->handleRequest(null, Object(Config\Cache), false)
 5 FCPATH\index.php(79): CodeIgniter\CodeIgniter->run()
 6 SYSTEMPATH\Commands\Server\rewrite.php(47): require_once('C:\\xampp\\htdocs\\infoAkademik\\public\\index.php')
INFO - 2025-01-10 07:20:55 --> Session: Class initialized using 'CodeIgniter\Session\Handlers\FileHandler' driver.
WARNING - 2025-01-10 07:20:55 --> [DEPRECATED] Creation of dynamic property App\Controllers\Mbkm\Tahapan::$appconfig is deprecated in APPPATH\Controllers\BaseController.php on line 67.
 1 APPPATH\Controllers\Mbkm\Tahapan.php(12): App\Controllers\BaseController->__construct()
 2 SYSTEMPATH\CodeIgniter.php(914): App\Controllers\Mbkm\Tahapan->__construct()
 3 SYSTEMPATH\CodeIgniter.php(493): CodeIgniter\CodeIgniter->createController()
 4 SYSTEMPATH\CodeIgniter.php(361): CodeIgniter\CodeIgniter->handleRequest(null, Object(Config\Cache), false)
 5 FCPATH\index.php(79): CodeIgniter\CodeIgniter->run()
 6 SYSTEMPATH\Commands\Server\rewrite.php(47): require_once('C:\\xampp\\htdocs\\infoAkademik\\public\\index.php')
INFO - 2025-01-10 07:21:18 --> Session: Class initialized using 'CodeIgniter\Session\Handlers\FileHandler' driver.
WARNING - 2025-01-10 07:21:18 --> [DEPRECATED] Creation of dynamic property App\Controllers\Mbkm\Tahapan::$appconfig is deprecated in APPPATH\Controllers\BaseController.php on line 67.
 1 APPPATH\Controllers\Mbkm\Tahapan.php(12): App\Controllers\BaseController->__construct()
 2 SYSTEMPATH\CodeIgniter.php(914): App\Controllers\Mbkm\Tahapan->__construct()
 3 SYSTEMPATH\CodeIgniter.php(493): CodeIgniter\CodeIgniter->createController()
 4 SYSTEMPATH\CodeIgniter.php(361): CodeIgniter\CodeIgniter->handleRequest(null, Object(Config\Cache), false)
 5 FCPATH\index.php(79): CodeIgniter\CodeIgniter->run()
 6 SYSTEMPATH\Commands\Server\rewrite.php(47): require_once('C:\\xampp\\htdocs\\infoAkademik\\public\\index.php')
INFO - 2025-01-10 07:21:28 --> Session: Class initialized using 'CodeIgniter\Session\Handlers\FileHandler' driver.
WARNING - 2025-01-10 07:21:28 --> [DEPRECATED] Creation of dynamic property App\Controllers\Mbkm\Tahapan::$appconfig is deprecated in APPPATH\Controllers\BaseController.php on line 67.
 1 APPPATH\Controllers\Mbkm\Tahapan.php(12): App\Controllers\BaseController->__construct()
 2 SYSTEMPATH\CodeIgniter.php(914): App\Controllers\Mbkm\Tahapan->__construct()
 3 SYSTEMPATH\CodeIgniter.php(493): CodeIgniter\CodeIgniter->createController()
 4 SYSTEMPATH\CodeIgniter.php(361): CodeIgniter\CodeIgniter->handleRequest(null, Object(Config\Cache), false)
 5 FCPATH\index.php(79): CodeIgniter\CodeIgniter->run()
 6 SYSTEMPATH\Commands\Server\rewrite.php(47): require_once('C:\\xampp\\htdocs\\infoAkademik\\public\\index.php')
INFO - 2025-01-10 07:32:26 --> Session: Class initialized using 'CodeIgniter\Session\Handlers\FileHandler' driver.
WARNING - 2025-01-10 07:32:26 --> [DEPRECATED] Creation of dynamic property App\Controllers\Skripsi\Monitoringsidang::$appconfig is deprecated in APPPATH\Controllers\BaseController.php on line 67.
 1 APPPATH\Controllers\Skripsi\Monitoringsidang.php(12): App\Controllers\BaseController->__construct()
 2 SYSTEMPATH\CodeIgniter.php(914): App\Controllers\Skripsi\Monitoringsidang->__construct()
 3 SYSTEMPATH\CodeIgniter.php(493): CodeIgniter\CodeIgniter->createController()
 4 SYSTEMPATH\CodeIgniter.php(361): CodeIgniter\CodeIgniter->handleRequest(null, Object(Config\Cache), false)
 5 FCPATH\index.php(79): CodeIgniter\CodeIgniter->run()
 6 SYSTEMPATH\Commands\Server\rewrite.php(47): require_once('C:\\xampp\\htdocs\\infoAkademik\\public\\index.php')
INFO - 2025-01-10 07:32:28 --> Session: Class initialized using 'CodeIgniter\Session\Handlers\FileHandler' driver.
WARNING - 2025-01-10 07:32:28 --> [DEPRECATED] Creation of dynamic property App\Controllers\Skripsi\Monitoringsidang::$appconfig is deprecated in APPPATH\Controllers\BaseController.php on line 67.
 1 APPPATH\Controllers\Skripsi\Monitoringsidang.php(12): App\Controllers\BaseController->__construct()
 2 SYSTEMPATH\CodeIgniter.php(914): App\Controllers\Skripsi\Monitoringsidang->__construct()
 3 SYSTEMPATH\CodeIgniter.php(493): CodeIgniter\CodeIgniter->createController()
 4 SYSTEMPATH\CodeIgniter.php(361): CodeIgniter\CodeIgniter->handleRequest(null, Object(Config\Cache), false)
 5 FCPATH\index.php(79): CodeIgniter\CodeIgniter->run()
 6 SYSTEMPATH\Commands\Server\rewrite.php(47): require_once('C:\\xampp\\htdocs\\infoAkademik\\public\\index.php')
INFO - 2025-01-10 07:32:28 --> Session: Class initialized using 'CodeIgniter\Session\Handlers\FileHandler' driver.
WARNING - 2025-01-10 07:32:28 --> [DEPRECATED] Creation of dynamic property App\Controllers\Skripsi\Monitoringsidang::$appconfig is deprecated in APPPATH\Controllers\BaseController.php on line 67.
 1 APPPATH\Controllers\Skripsi\Monitoringsidang.php(12): App\Controllers\BaseController->__construct()
 2 SYSTEMPATH\CodeIgniter.php(914): App\Controllers\Skripsi\Monitoringsidang->__construct()
 3 SYSTEMPATH\CodeIgniter.php(493): CodeIgniter\CodeIgniter->createController()
 4 SYSTEMPATH\CodeIgniter.php(361): CodeIgniter\CodeIgniter->handleRequest(null, Object(Config\Cache), false)
 5 FCPATH\index.php(79): CodeIgniter\CodeIgniter->run()
 6 SYSTEMPATH\Commands\Server\rewrite.php(47): require_once('C:\\xampp\\htdocs\\infoAkademik\\public\\index.php')
INFO - 2025-01-10 07:33:01 --> Session: Class initialized using 'CodeIgniter\Session\Handlers\FileHandler' driver.
WARNING - 2025-01-10 07:33:01 --> [DEPRECATED] Creation of dynamic property App\Controllers\Skripsi\Monitoringsidang::$appconfig is deprecated in APPPATH\Controllers\BaseController.php on line 67.
 1 APPPATH\Controllers\Skripsi\Monitoringsidang.php(12): App\Controllers\BaseController->__construct()
 2 SYSTEMPATH\CodeIgniter.php(914): App\Controllers\Skripsi\Monitoringsidang->__construct()
 3 SYSTEMPATH\CodeIgniter.php(493): CodeIgniter\CodeIgniter->createController()
 4 SYSTEMPATH\CodeIgniter.php(361): CodeIgniter\CodeIgniter->handleRequest(null, Object(Config\Cache), false)
 5 FCPATH\index.php(79): CodeIgniter\CodeIgniter->run()
 6 SYSTEMPATH\Commands\Server\rewrite.php(47): require_once('C:\\xampp\\htdocs\\infoAkademik\\public\\index.php')
INFO - 2025-01-10 07:33:02 --> Session: Class initialized using 'CodeIgniter\Session\Handlers\FileHandler' driver.
WARNING - 2025-01-10 07:33:02 --> [DEPRECATED] Creation of dynamic property App\Controllers\Skripsi\Monitoringsidang::$appconfig is deprecated in APPPATH\Controllers\BaseController.php on line 67.
 1 APPPATH\Controllers\Skripsi\Monitoringsidang.php(12): App\Controllers\BaseController->__construct()
 2 SYSTEMPATH\CodeIgniter.php(914): App\Controllers\Skripsi\Monitoringsidang->__construct()
 3 SYSTEMPATH\CodeIgniter.php(493): CodeIgniter\CodeIgniter->createController()
 4 SYSTEMPATH\CodeIgniter.php(361): CodeIgniter\CodeIgniter->handleRequest(null, Object(Config\Cache), false)
 5 FCPATH\index.php(79): CodeIgniter\CodeIgniter->run()
 6 SYSTEMPATH\Commands\Server\rewrite.php(47): require_once('C:\\xampp\\htdocs\\infoAkademik\\public\\index.php')
INFO - 2025-01-10 07:33:02 --> Session: Class initialized using 'CodeIgniter\Session\Handlers\FileHandler' driver.
WARNING - 2025-01-10 07:33:03 --> [DEPRECATED] Creation of dynamic property App\Controllers\Skripsi\Monitoringsidang::$appconfig is deprecated in APPPATH\Controllers\BaseController.php on line 67.
 1 APPPATH\Controllers\Skripsi\Monitoringsidang.php(12): App\Controllers\BaseController->__construct()
 2 SYSTEMPATH\CodeIgniter.php(914): App\Controllers\Skripsi\Monitoringsidang->__construct()
 3 SYSTEMPATH\CodeIgniter.php(493): CodeIgniter\CodeIgniter->createController()
 4 SYSTEMPATH\CodeIgniter.php(361): CodeIgniter\CodeIgniter->handleRequest(null, Object(Config\Cache), false)
 5 FCPATH\index.php(79): CodeIgniter\CodeIgniter->run()
 6 SYSTEMPATH\Commands\Server\rewrite.php(47): require_once('C:\\xampp\\htdocs\\infoAkademik\\public\\index.php')
INFO - 2025-01-10 07:33:17 --> Session: Class initialized using 'CodeIgniter\Session\Handlers\FileHandler' driver.
WARNING - 2025-01-10 07:33:17 --> [DEPRECATED] Creation of dynamic property App\Controllers\Home::$appconfig is deprecated in APPPATH\Controllers\BaseController.php on line 67.
 1 APPPATH\Controllers\Home.php(8): App\Controllers\BaseController->__construct()
 2 SYSTEMPATH\CodeIgniter.php(914): App\Controllers\Home->__construct()
 3 SYSTEMPATH\CodeIgniter.php(493): CodeIgniter\CodeIgniter->createController()
 4 SYSTEMPATH\CodeIgniter.php(361): CodeIgniter\CodeIgniter->handleRequest(null, Object(Config\Cache), false)
 5 FCPATH\index.php(79): CodeIgniter\CodeIgniter->run()
 6 SYSTEMPATH\Commands\Server\rewrite.php(47): require_once('C:\\xampp\\htdocs\\infoAkademik\\public\\index.php')
INFO - 2025-01-10 07:33:52 --> Session: Class initialized using 'CodeIgniter\Session\Handlers\FileHandler' driver.
WARNING - 2025-01-10 07:33:52 --> [DEPRECATED] Creation of dynamic property App\Controllers\Home::$appconfig is deprecated in APPPATH\Controllers\BaseController.php on line 67.
 1 APPPATH\Controllers\Home.php(8): App\Controllers\BaseController->__construct()
 2 SYSTEMPATH\CodeIgniter.php(914): App\Controllers\Home->__construct()
 3 SYSTEMPATH\CodeIgniter.php(493): CodeIgniter\CodeIgniter->createController()
 4 SYSTEMPATH\CodeIgniter.php(361): CodeIgniter\CodeIgniter->handleRequest(null, Object(Config\Cache), false)
 5 FCPATH\index.php(79): CodeIgniter\CodeIgniter->run()
 6 SYSTEMPATH\Commands\Server\rewrite.php(47): require_once('C:\\xampp\\htdocs\\infoAkademik\\public\\index.php')
